     1 00000000                                 [FORMAT "WCOFF"]
     2 00000000                                 [INSTRSET "i486p"]
     3 00000000                                 [OPTIMIZE 1]
     4 00000000                                 [OPTION 1]
     5 00000000                                 [BITS 32]
     6 00000000                                 	EXTERN	_table_rgb.0
     7 00000000                                 	EXTERN	_io_load_eflags
     8 00000000                                 	EXTERN	_io_cli
     9 00000000                                 	EXTERN	_io_out8
    10 00000000                                 	EXTERN	_io_store_eflags
    11 00000000                                 	EXTERN	_hankaku
    12 00000000                                 [FILE "graphic.c"]
    13                                          [SECTION .data]
    14 00000000                                 _table_rgb.0:
    15 00000000 FF                              	DB	-1
    16 00000001 FF                              	DB	-1
    17 00000002 FF                              	DB	-1
    18 00000003 FF                              	DB	-1
    19 00000004 FF                              	DB	-1
    20 00000005 CC                              	DB	-52
    21 00000006 FF                              	DB	-1
    22 00000007 FF                              	DB	-1
    23 00000008 99                              	DB	-103
    24 00000009 FF                              	DB	-1
    25 0000000A FF                              	DB	-1
    26 0000000B 66                              	DB	102
    27 0000000C FF                              	DB	-1
    28 0000000D FF                              	DB	-1
    29 0000000E 33                              	DB	51
    30 0000000F FF                              	DB	-1
    31 00000010 FF                              	DB	-1
    32 00000011 00                              	DB	0
    33 00000012 FF                              	DB	-1
    34 00000013 CC                              	DB	-52
    35 00000014 FF                              	DB	-1
    36 00000015 FF                              	DB	-1
    37 00000016 CC                              	DB	-52
    38 00000017 CC                              	DB	-52
    39 00000018 FF                              	DB	-1
    40 00000019 CC                              	DB	-52
    41 0000001A 99                              	DB	-103
    42 0000001B FF                              	DB	-1
    43 0000001C CC                              	DB	-52
    44 0000001D 66                              	DB	102
    45 0000001E FF                              	DB	-1
    46 0000001F CC                              	DB	-52
    47 00000020 33                              	DB	51
    48 00000021 FF                              	DB	-1
    49 00000022 CC                              	DB	-52
    50 00000023 00                              	DB	0
    51 00000024 FF                              	DB	-1
    52 00000025 99                              	DB	-103
    53 00000026 FF                              	DB	-1
    54 00000027 FF                              	DB	-1
    55 00000028 99                              	DB	-103
    56 00000029 CC                              	DB	-52
    57 0000002A FF                              	DB	-1
    58 0000002B 99                              	DB	-103
    59 0000002C 99                              	DB	-103
    60 0000002D FF                              	DB	-1
    61 0000002E 99                              	DB	-103
    62 0000002F 66                              	DB	102
    63 00000030 FF                              	DB	-1
    64 00000031 99                              	DB	-103
    65 00000032 33                              	DB	51
    66 00000033 FF                              	DB	-1
    67 00000034 99                              	DB	-103
    68 00000035 00                              	DB	0
    69 00000036 FF                              	DB	-1
    70 00000037 66                              	DB	102
    71 00000038 FF                              	DB	-1
    72 00000039 FF                              	DB	-1
    73 0000003A 66                              	DB	102
    74 0000003B CC                              	DB	-52
    75 0000003C FF                              	DB	-1
    76 0000003D 66                              	DB	102
    77 0000003E 99                              	DB	-103
    78 0000003F FF                              	DB	-1
    79 00000040 66                              	DB	102
    80 00000041 66                              	DB	102
    81 00000042 FF                              	DB	-1
    82 00000043 66                              	DB	102
    83 00000044 33                              	DB	51
    84 00000045 FF                              	DB	-1
    85 00000046 66                              	DB	102
    86 00000047 00                              	DB	0
    87 00000048 FF                              	DB	-1
    88 00000049 33                              	DB	51
    89 0000004A FF                              	DB	-1
    90 0000004B FF                              	DB	-1
    91 0000004C 33                              	DB	51
    92 0000004D CC                              	DB	-52
    93 0000004E FF                              	DB	-1
    94 0000004F 33                              	DB	51
    95 00000050 99                              	DB	-103
    96 00000051 FF                              	DB	-1
    97 00000052 33                              	DB	51
    98 00000053 66                              	DB	102
    99 00000054 FF                              	DB	-1
   100 00000055 33                              	DB	51
   101 00000056 33                              	DB	51
   102 00000057 FF                              	DB	-1
   103 00000058 33                              	DB	51
   104 00000059 00                              	DB	0
   105 0000005A FF                              	DB	-1
   106 0000005B 00                              	DB	0
   107 0000005C FF                              	DB	-1
   108 0000005D FF                              	DB	-1
   109 0000005E 00                              	DB	0
   110 0000005F CC                              	DB	-52
   111 00000060 FF                              	DB	-1
   112 00000061 00                              	DB	0
   113 00000062 99                              	DB	-103
   114 00000063 FF                              	DB	-1
   115 00000064 00                              	DB	0
   116 00000065 66                              	DB	102
   117 00000066 FF                              	DB	-1
   118 00000067 00                              	DB	0
   119 00000068 33                              	DB	51
   120 00000069 FF                              	DB	-1
   121 0000006A 00                              	DB	0
   122 0000006B 00                              	DB	0
   123 0000006C 66                              	DB	102
   124 0000006D FF                              	DB	-1
   125 0000006E FF                              	DB	-1
   126 0000006F 66                              	DB	102
   127 00000070 FF                              	DB	-1
   128 00000071 CC                              	DB	-52
   129 00000072 66                              	DB	102
   130 00000073 FF                              	DB	-1
   131 00000074 99                              	DB	-103
   132 00000075 66                              	DB	102
   133 00000076 FF                              	DB	-1
   134 00000077 66                              	DB	102
   135 00000078 66                              	DB	102
   136 00000079 FF                              	DB	-1
   137 0000007A 33                              	DB	51
   138 0000007B 66                              	DB	102
   139 0000007C FF                              	DB	-1
   140 0000007D 00                              	DB	0
   141 0000007E 66                              	DB	102
   142 0000007F CC                              	DB	-52
   143 00000080 FF                              	DB	-1
   144 00000081 66                              	DB	102
   145 00000082 CC                              	DB	-52
   146 00000083 CC                              	DB	-52
   147 00000084 66                              	DB	102
   148 00000085 CC                              	DB	-52
   149 00000086 99                              	DB	-103
   150 00000087 66                              	DB	102
   151 00000088 CC                              	DB	-52
   152 00000089 66                              	DB	102
   153 0000008A 66                              	DB	102
   154 0000008B CC                              	DB	-52
   155 0000008C 33                              	DB	51
   156 0000008D 66                              	DB	102
   157 0000008E CC                              	DB	-52
   158 0000008F 00                              	DB	0
   159 00000090 66                              	DB	102
   160 00000091 99                              	DB	-103
   161 00000092 FF                              	DB	-1
   162 00000093 66                              	DB	102
   163 00000094 99                              	DB	-103
   164 00000095 CC                              	DB	-52
   165 00000096 66                              	DB	102
   166 00000097 99                              	DB	-103
   167 00000098 99                              	DB	-103
   168 00000099 66                              	DB	102
   169 0000009A 99                              	DB	-103
   170 0000009B 66                              	DB	102
   171 0000009C 66                              	DB	102
   172 0000009D 99                              	DB	-103
   173 0000009E 33                              	DB	51
   174 0000009F 66                              	DB	102
   175 000000A0 99                              	DB	-103
   176 000000A1 00                              	DB	0
   177 000000A2 66                              	DB	102
   178 000000A3 66                              	DB	102
   179 000000A4 FF                              	DB	-1
   180 000000A5 66                              	DB	102
   181 000000A6 66                              	DB	102
   182 000000A7 CC                              	DB	-52
   183 000000A8 66                              	DB	102
   184 000000A9 66                              	DB	102
   185 000000AA 99                              	DB	-103
   186 000000AB 66                              	DB	102
   187 000000AC 66                              	DB	102
   188 000000AD 66                              	DB	102
   189 000000AE 66                              	DB	102
   190 000000AF 66                              	DB	102
   191 000000B0 33                              	DB	51
   192 000000B1 66                              	DB	102
   193 000000B2 66                              	DB	102
   194 000000B3 00                              	DB	0
   195 000000B4 66                              	DB	102
   196 000000B5 33                              	DB	51
   197 000000B6 FF                              	DB	-1
   198 000000B7 66                              	DB	102
   199 000000B8 33                              	DB	51
   200 000000B9 CC                              	DB	-52
   201 000000BA 66                              	DB	102
   202 000000BB 33                              	DB	51
   203 000000BC 99                              	DB	-103
   204 000000BD 66                              	DB	102
   205 000000BE 33                              	DB	51
   206 000000BF 66                              	DB	102
   207 000000C0 66                              	DB	102
   208 000000C1 33                              	DB	51
   209 000000C2 33                              	DB	51
   210 000000C3 66                              	DB	102
   211 000000C4 33                              	DB	51
   212 000000C5 00                              	DB	0
   213 000000C6 66                              	DB	102
   214 000000C7 00                              	DB	0
   215 000000C8 FF                              	DB	-1
   216 000000C9 66                              	DB	102
   217 000000CA 00                              	DB	0
   218 000000CB CC                              	DB	-52
   219 000000CC 66                              	DB	102
   220 000000CD 00                              	DB	0
   221 000000CE 99                              	DB	-103
   222 000000CF 66                              	DB	102
   223 000000D0 00                              	DB	0
   224 000000D1 66                              	DB	102
   225 000000D2 66                              	DB	102
   226 000000D3 00                              	DB	0
   227 000000D4 33                              	DB	51
   228 000000D5 66                              	DB	102
   229 000000D6 00                              	DB	0
   230 000000D7 00                              	DB	0
   231 000000D8 CC                              	DB	-52
   232 000000D9 FF                              	DB	-1
   233 000000DA FF                              	DB	-1
   234 000000DB CC                              	DB	-52
   235 000000DC FF                              	DB	-1
   236 000000DD CC                              	DB	-52
   237 000000DE CC                              	DB	-52
   238 000000DF FF                              	DB	-1
   239 000000E0 99                              	DB	-103
   240 000000E1 CC                              	DB	-52
   241 000000E2 FF                              	DB	-1
   242 000000E3 66                              	DB	102
   243 000000E4 CC                              	DB	-52
   244 000000E5 FF                              	DB	-1
   245 000000E6 33                              	DB	51
   246 000000E7 CC                              	DB	-52
   247 000000E8 FF                              	DB	-1
   248 000000E9 00                              	DB	0
   249 000000EA CC                              	DB	-52
   250 000000EB CC                              	DB	-52
   251 000000EC FF                              	DB	-1
   252 000000ED CC                              	DB	-52
   253 000000EE CC                              	DB	-52
   254 000000EF CC                              	DB	-52
   255 000000F0 CC                              	DB	-52
   256 000000F1 CC                              	DB	-52
   257 000000F2 99                              	DB	-103
   258 000000F3 CC                              	DB	-52
   259 000000F4 CC                              	DB	-52
   260 000000F5 66                              	DB	102
   261 000000F6 CC                              	DB	-52
   262 000000F7 CC                              	DB	-52
   263 000000F8 33                              	DB	51
   264 000000F9 CC                              	DB	-52
   265 000000FA CC                              	DB	-52
   266 000000FB 00                              	DB	0
   267 000000FC CC                              	DB	-52
   268 000000FD 99                              	DB	-103
   269 000000FE FF                              	DB	-1
   270 000000FF CC                              	DB	-52
   271 00000100 99                              	DB	-103
   272 00000101 CC                              	DB	-52
   273 00000102 CC                              	DB	-52
   274 00000103 99                              	DB	-103
   275 00000104 99                              	DB	-103
   276 00000105 CC                              	DB	-52
   277 00000106 99                              	DB	-103
   278 00000107 66                              	DB	102
   279 00000108 CC                              	DB	-52
   280 00000109 99                              	DB	-103
   281 0000010A 33                              	DB	51
   282 0000010B CC                              	DB	-52
   283 0000010C 99                              	DB	-103
   284 0000010D 00                              	DB	0
   285 0000010E CC                              	DB	-52
   286 0000010F 66                              	DB	102
   287 00000110 FF                              	DB	-1
   288 00000111 CC                              	DB	-52
   289 00000112 66                              	DB	102
   290 00000113 CC                              	DB	-52
   291 00000114 CC                              	DB	-52
   292 00000115 66                              	DB	102
   293 00000116 99                              	DB	-103
   294 00000117 CC                              	DB	-52
   295 00000118 66                              	DB	102
   296 00000119 66                              	DB	102
   297 0000011A CC                              	DB	-52
   298 0000011B 66                              	DB	102
   299 0000011C 33                              	DB	51
   300 0000011D CC                              	DB	-52
   301 0000011E 66                              	DB	102
   302 0000011F 00                              	DB	0
   303 00000120 CC                              	DB	-52
   304 00000121 33                              	DB	51
   305 00000122 FF                              	DB	-1
   306 00000123 CC                              	DB	-52
   307 00000124 33                              	DB	51
   308 00000125 CC                              	DB	-52
   309 00000126 CC                              	DB	-52
   310 00000127 33                              	DB	51
   311 00000128 99                              	DB	-103
   312 00000129 CC                              	DB	-52
   313 0000012A 33                              	DB	51
   314 0000012B 66                              	DB	102
   315 0000012C CC                              	DB	-52
   316 0000012D 33                              	DB	51
   317 0000012E 33                              	DB	51
   318 0000012F CC                              	DB	-52
   319 00000130 33                              	DB	51
   320 00000131 00                              	DB	0
   321 00000132 CC                              	DB	-52
   322 00000133 00                              	DB	0
   323 00000134 FF                              	DB	-1
   324 00000135 CC                              	DB	-52
   325 00000136 00                              	DB	0
   326 00000137 CC                              	DB	-52
   327 00000138 CC                              	DB	-52
   328 00000139 00                              	DB	0
   329 0000013A 99                              	DB	-103
   330 0000013B CC                              	DB	-52
   331 0000013C 00                              	DB	0
   332 0000013D 66                              	DB	102
   333 0000013E CC                              	DB	-52
   334 0000013F 00                              	DB	0
   335 00000140 33                              	DB	51
   336 00000141 CC                              	DB	-52
   337 00000142 00                              	DB	0
   338 00000143 00                              	DB	0
   339 00000144 33                              	DB	51
   340 00000145 FF                              	DB	-1
   341 00000146 FF                              	DB	-1
   342 00000147 33                              	DB	51
   343 00000148 FF                              	DB	-1
   344 00000149 CC                              	DB	-52
   345 0000014A 33                              	DB	51
   346 0000014B FF                              	DB	-1
   347 0000014C 99                              	DB	-103
   348 0000014D 33                              	DB	51
   349 0000014E FF                              	DB	-1
   350 0000014F 66                              	DB	102
   351 00000150 33                              	DB	51
   352 00000151 FF                              	DB	-1
   353 00000152 33                              	DB	51
   354 00000153 33                              	DB	51
   355 00000154 FF                              	DB	-1
   356 00000155 00                              	DB	0
   357 00000156 33                              	DB	51
   358 00000157 CC                              	DB	-52
   359 00000158 FF                              	DB	-1
   360 00000159 33                              	DB	51
   361 0000015A CC                              	DB	-52
   362 0000015B CC                              	DB	-52
   363 0000015C 33                              	DB	51
   364 0000015D CC                              	DB	-52
   365 0000015E 99                              	DB	-103
   366 0000015F 33                              	DB	51
   367 00000160 CC                              	DB	-52
   368 00000161 66                              	DB	102
   369 00000162 33                              	DB	51
   370 00000163 CC                              	DB	-52
   371 00000164 33                              	DB	51
   372 00000165 33                              	DB	51
   373 00000166 CC                              	DB	-52
   374 00000167 00                              	DB	0
   375 00000168 33                              	DB	51
   376 00000169 99                              	DB	-103
   377 0000016A FF                              	DB	-1
   378 0000016B 33                              	DB	51
   379 0000016C 99                              	DB	-103
   380 0000016D CC                              	DB	-52
   381 0000016E 33                              	DB	51
   382 0000016F 99                              	DB	-103
   383 00000170 99                              	DB	-103
   384 00000171 33                              	DB	51
   385 00000172 99                              	DB	-103
   386 00000173 66                              	DB	102
   387 00000174 33                              	DB	51
   388 00000175 99                              	DB	-103
   389 00000176 33                              	DB	51
   390 00000177 33                              	DB	51
   391 00000178 99                              	DB	-103
   392 00000179 00                              	DB	0
   393 0000017A 33                              	DB	51
   394 0000017B 66                              	DB	102
   395 0000017C FF                              	DB	-1
   396 0000017D 33                              	DB	51
   397 0000017E 66                              	DB	102
   398 0000017F CC                              	DB	-52
   399 00000180 33                              	DB	51
   400 00000181 66                              	DB	102
   401 00000182 99                              	DB	-103
   402 00000183 33                              	DB	51
   403 00000184 66                              	DB	102
   404 00000185 66                              	DB	102
   405 00000186 33                              	DB	51
   406 00000187 66                              	DB	102
   407 00000188 33                              	DB	51
   408 00000189 33                              	DB	51
   409 0000018A 66                              	DB	102
   410 0000018B 00                              	DB	0
   411 0000018C 33                              	DB	51
   412 0000018D 33                              	DB	51
   413 0000018E FF                              	DB	-1
   414 0000018F 33                              	DB	51
   415 00000190 33                              	DB	51
   416 00000191 CC                              	DB	-52
   417 00000192 33                              	DB	51
   418 00000193 33                              	DB	51
   419 00000194 99                              	DB	-103
   420 00000195 33                              	DB	51
   421 00000196 33                              	DB	51
   422 00000197 66                              	DB	102
   423 00000198 33                              	DB	51
   424 00000199 33                              	DB	51
   425 0000019A 33                              	DB	51
   426 0000019B 33                              	DB	51
   427 0000019C 33                              	DB	51
   428 0000019D 00                              	DB	0
   429 0000019E 33                              	DB	51
   430 0000019F 00                              	DB	0
   431 000001A0 FF                              	DB	-1
   432 000001A1 33                              	DB	51
   433 000001A2 00                              	DB	0
   434 000001A3 CC                              	DB	-52
   435 000001A4 33                              	DB	51
   436 000001A5 00                              	DB	0
   437 000001A6 99                              	DB	-103
   438 000001A7 33                              	DB	51
   439 000001A8 00                              	DB	0
   440 000001A9 66                              	DB	102
   441 000001AA 33                              	DB	51
   442 000001AB 00                              	DB	0
   443 000001AC 33                              	DB	51
   444 000001AD 33                              	DB	51
   445 000001AE 00                              	DB	0
   446 000001AF 00                              	DB	0
   447 000001B0 99                              	DB	-103
   448 000001B1 FF                              	DB	-1
   449 000001B2 FF                              	DB	-1
   450 000001B3 99                              	DB	-103
   451 000001B4 FF                              	DB	-1
   452 000001B5 CC                              	DB	-52
   453 000001B6 99                              	DB	-103
   454 000001B7 FF                              	DB	-1
   455 000001B8 99                              	DB	-103
   456 000001B9 99                              	DB	-103
   457 000001BA FF                              	DB	-1
   458 000001BB 66                              	DB	102
   459 000001BC 99                              	DB	-103
   460 000001BD FF                              	DB	-1
   461 000001BE 33                              	DB	51
   462 000001BF 99                              	DB	-103
   463 000001C0 FF                              	DB	-1
   464 000001C1 00                              	DB	0
   465 000001C2 99                              	DB	-103
   466 000001C3 CC                              	DB	-52
   467 000001C4 FF                              	DB	-1
   468 000001C5 99                              	DB	-103
   469 000001C6 CC                              	DB	-52
   470 000001C7 CC                              	DB	-52
   471 000001C8 99                              	DB	-103
   472 000001C9 CC                              	DB	-52
   473 000001CA 99                              	DB	-103
   474 000001CB 99                              	DB	-103
   475 000001CC CC                              	DB	-52
   476 000001CD 66                              	DB	102
   477 000001CE 99                              	DB	-103
   478 000001CF CC                              	DB	-52
   479 000001D0 33                              	DB	51
   480 000001D1 99                              	DB	-103
   481 000001D2 CC                              	DB	-52
   482 000001D3 00                              	DB	0
   483 000001D4 99                              	DB	-103
   484 000001D5 99                              	DB	-103
   485 000001D6 FF                              	DB	-1
   486 000001D7 99                              	DB	-103
   487 000001D8 99                              	DB	-103
   488 000001D9 CC                              	DB	-52
   489 000001DA 99                              	DB	-103
   490 000001DB 99                              	DB	-103
   491 000001DC 99                              	DB	-103
   492 000001DD 99                              	DB	-103
   493 000001DE 99                              	DB	-103
   494 000001DF 66                              	DB	102
   495 000001E0 99                              	DB	-103
   496 000001E1 99                              	DB	-103
   497 000001E2 33                              	DB	51
   498 000001E3 99                              	DB	-103
   499 000001E4 99                              	DB	-103
   500 000001E5 00                              	DB	0
   501 000001E6 99                              	DB	-103
   502 000001E7 66                              	DB	102
   503 000001E8 FF                              	DB	-1
   504 000001E9 99                              	DB	-103
   505 000001EA 66                              	DB	102
   506 000001EB CC                              	DB	-52
   507 000001EC 99                              	DB	-103
   508 000001ED 66                              	DB	102
   509 000001EE 99                              	DB	-103
   510 000001EF 99                              	DB	-103
   511 000001F0 66                              	DB	102
   512 000001F1 66                              	DB	102
   513 000001F2 99                              	DB	-103
   514 000001F3 66                              	DB	102
   515 000001F4 33                              	DB	51
   516 000001F5 99                              	DB	-103
   517 000001F6 66                              	DB	102
   518 000001F7 00                              	DB	0
   519 000001F8 99                              	DB	-103
   520 000001F9 33                              	DB	51
   521 000001FA FF                              	DB	-1
   522 000001FB 99                              	DB	-103
   523 000001FC 33                              	DB	51
   524 000001FD CC                              	DB	-52
   525 000001FE 99                              	DB	-103
   526 000001FF 33                              	DB	51
   527 00000200 99                              	DB	-103
   528 00000201 99                              	DB	-103
   529 00000202 33                              	DB	51
   530 00000203 66                              	DB	102
   531 00000204 99                              	DB	-103
   532 00000205 33                              	DB	51
   533 00000206 33                              	DB	51
   534 00000207 99                              	DB	-103
   535 00000208 33                              	DB	51
   536 00000209 00                              	DB	0
   537 0000020A 99                              	DB	-103
   538 0000020B 00                              	DB	0
   539 0000020C FF                              	DB	-1
   540 0000020D 99                              	DB	-103
   541 0000020E 00                              	DB	0
   542 0000020F CC                              	DB	-52
   543 00000210 99                              	DB	-103
   544 00000211 00                              	DB	0
   545 00000212 99                              	DB	-103
   546 00000213 99                              	DB	-103
   547 00000214 00                              	DB	0
   548 00000215 66                              	DB	102
   549 00000216 99                              	DB	-103
   550 00000217 00                              	DB	0
   551 00000218 33                              	DB	51
   552 00000219 99                              	DB	-103
   553 0000021A 00                              	DB	0
   554 0000021B 00                              	DB	0
   555 0000021C 00                              	DB	0
   556 0000021D FF                              	DB	-1
   557 0000021E FF                              	DB	-1
   558 0000021F 00                              	DB	0
   559 00000220 FF                              	DB	-1
   560 00000221 CC                              	DB	-52
   561 00000222 00                              	DB	0
   562 00000223 FF                              	DB	-1
   563 00000224 99                              	DB	-103
   564 00000225 00                              	DB	0
   565 00000226 FF                              	DB	-1
   566 00000227 66                              	DB	102
   567 00000228 00                              	DB	0
   568 00000229 FF                              	DB	-1
   569 0000022A 33                              	DB	51
   570 0000022B 00                              	DB	0
   571 0000022C FF                              	DB	-1
   572 0000022D 00                              	DB	0
   573 0000022E 00                              	DB	0
   574 0000022F CC                              	DB	-52
   575 00000230 FF                              	DB	-1
   576 00000231 00                              	DB	0
   577 00000232 CC                              	DB	-52
   578 00000233 CC                              	DB	-52
   579 00000234 00                              	DB	0
   580 00000235 CC                              	DB	-52
   581 00000236 99                              	DB	-103
   582 00000237 00                              	DB	0
   583 00000238 CC                              	DB	-52
   584 00000239 66                              	DB	102
   585 0000023A 00                              	DB	0
   586 0000023B CC                              	DB	-52
   587 0000023C 33                              	DB	51
   588 0000023D 00                              	DB	0
   589 0000023E CC                              	DB	-52
   590 0000023F 00                              	DB	0
   591 00000240 00                              	DB	0
   592 00000241 99                              	DB	-103
   593 00000242 FF                              	DB	-1
   594 00000243 00                              	DB	0
   595 00000244 99                              	DB	-103
   596 00000245 CC                              	DB	-52
   597 00000246 00                              	DB	0
   598 00000247 99                              	DB	-103
   599 00000248 99                              	DB	-103
   600 00000249 00                              	DB	0
   601 0000024A 99                              	DB	-103
   602 0000024B 66                              	DB	102
   603 0000024C 00                              	DB	0
   604 0000024D 99                              	DB	-103
   605 0000024E 33                              	DB	51
   606 0000024F 00                              	DB	0
   607 00000250 99                              	DB	-103
   608 00000251 00                              	DB	0
   609 00000252 00                              	DB	0
   610 00000253 66                              	DB	102
   611 00000254 FF                              	DB	-1
   612 00000255 00                              	DB	0
   613 00000256 66                              	DB	102
   614 00000257 CC                              	DB	-52
   615 00000258 00                              	DB	0
   616 00000259 66                              	DB	102
   617 0000025A 99                              	DB	-103
   618 0000025B 00                              	DB	0
   619 0000025C 66                              	DB	102
   620 0000025D 66                              	DB	102
   621 0000025E 00                              	DB	0
   622 0000025F 66                              	DB	102
   623 00000260 33                              	DB	51
   624 00000261 00                              	DB	0
   625 00000262 66                              	DB	102
   626 00000263 00                              	DB	0
   627 00000264 00                              	DB	0
   628 00000265 33                              	DB	51
   629 00000266 FF                              	DB	-1
   630 00000267 00                              	DB	0
   631 00000268 33                              	DB	51
   632 00000269 CC                              	DB	-52
   633 0000026A 00                              	DB	0
   634 0000026B 33                              	DB	51
   635 0000026C 99                              	DB	-103
   636 0000026D 00                              	DB	0
   637 0000026E 33                              	DB	51
   638 0000026F 66                              	DB	102
   639 00000270 00                              	DB	0
   640 00000271 33                              	DB	51
   641 00000272 33                              	DB	51
   642 00000273 00                              	DB	0
   643 00000274 33                              	DB	51
   644 00000275 00                              	DB	0
   645 00000276 00                              	DB	0
   646 00000277 00                              	DB	0
   647 00000278 FF                              	DB	-1
   648 00000279 00                              	DB	0
   649 0000027A 00                              	DB	0
   650 0000027B CC                              	DB	-52
   651 0000027C 00                              	DB	0
   652 0000027D 00                              	DB	0
   653 0000027E 99                              	DB	-103
   654 0000027F 00                              	DB	0
   655 00000280 00                              	DB	0
   656 00000281 66                              	DB	102
   657 00000282 00                              	DB	0
   658 00000283 00                              	DB	0
   659 00000284 33                              	DB	51
   660 00000285 00                              	DB	0
   661 00000286 00                              	DB	0
   662 00000287 00                              	DB	0
   663 00000288 00 00 00 00 00 00 00 00 00 00   	RESB	117
       00000292 00 00 00 00 00 00 00 00 00 00 
       0000029C 00 00 00 00 00 00 00 00 00 00 
       000002A6 00 00 00 00 00 00 00 00 00 00 
       000002B0 00 00 00 00 00 00 00 00 00 00 
       000002BA 00 00 00 00 00 00 00 00 00 00 
       000002C4 00 00 00 00 00 00 00 00 00 00 
       000002CE 00 00 00 00 00 00 00 00 00 00 
       000002D8 00 00 00 00 00 00 00 00 00 00 
       000002E2 00 00 00 00 00 00 00 00 00 00 
       000002EC 00 00 00 00 00 00 00 00 00 00 
       000002F6 00 00 00 00 00 00 00 
   664                                          [SECTION .text]
   665 00000000                                 	GLOBAL	_init_palette
   666 00000000                                 _init_palette:
   667 00000000 55                              	PUSH	EBP
   668 00000001 89 E5                           	MOV	EBP,ESP
   669 00000003 68 [00000000]                   	PUSH	_table_rgb.0
   670 00000008 68 000000FF                     	PUSH	255
   671 0000000D 6A 00                           	PUSH	0
   672 0000000F E8 00000002                     	CALL	_set_palette
   673 00000014 C9                              	LEAVE
   674 00000015 C3                              	RET
   675 00000016                                 	GLOBAL	_set_palette
   676 00000016                                 _set_palette:
   677 00000016 55                              	PUSH	EBP
   678 00000017 89 E5                           	MOV	EBP,ESP
   679 00000019 57                              	PUSH	EDI
   680 0000001A 56                              	PUSH	ESI
   681 0000001B 53                              	PUSH	EBX
   682 0000001C 51                              	PUSH	ECX
   683 0000001D 8B 5D 08                        	MOV	EBX,DWORD [8+EBP]
   684 00000020 8B 7D 0C                        	MOV	EDI,DWORD [12+EBP]
   685 00000023 8B 75 10                        	MOV	ESI,DWORD [16+EBP]
   686 00000026 E8 [00000000]                   	CALL	_io_load_eflags
   687 0000002B 89 45 F0                        	MOV	DWORD [-16+EBP],EAX
   688 0000002E E8 [00000000]                   	CALL	_io_cli
   689 00000033 53                              	PUSH	EBX
   690 00000034 68 000003C8                     	PUSH	968
   691 00000039 E8 [00000000]                   	CALL	_io_out8
   692 0000003E 39 FB                           	CMP	EBX,EDI
   693 00000040 58                              	POP	EAX
   694 00000041 5A                              	POP	EDX
   695 00000042 7E 12                           	JLE	L7
   696 00000044                                 L9:
   697 00000044 8B 45 F0                        	MOV	EAX,DWORD [-16+EBP]
   698 00000047 89 45 08                        	MOV	DWORD [8+EBP],EAX
   699 0000004A 8D 65 F4                        	LEA	ESP,DWORD [-12+EBP]
   700 0000004D 5B                              	POP	EBX
   701 0000004E 5E                              	POP	ESI
   702 0000004F 5F                              	POP	EDI
   703 00000050 5D                              	POP	EBP
   704 00000051 E9 [00000000]                   	JMP	_io_store_eflags
   705 00000056                                 L7:
   706 00000056 8A 06                           	MOV	AL,BYTE [ESI]
   707 00000058 43                              	INC	EBX
   708 00000059 C0 E8 02                        	SHR	AL,2
   709 0000005C 0F B6 C0                        	MOVZX	EAX,AL
   710 0000005F 50                              	PUSH	EAX
   711 00000060 68 000003C9                     	PUSH	969
   712 00000065 E8 [00000000]                   	CALL	_io_out8
   713 0000006A 8A 46 01                        	MOV	AL,BYTE [1+ESI]
   714 0000006D C0 E8 02                        	SHR	AL,2
   715 00000070 0F B6 C0                        	MOVZX	EAX,AL
   716 00000073 50                              	PUSH	EAX
   717 00000074 68 000003C9                     	PUSH	969
   718 00000079 E8 [00000000]                   	CALL	_io_out8
   719 0000007E 8A 46 02                        	MOV	AL,BYTE [2+ESI]
   720 00000081 C0 E8 02                        	SHR	AL,2
   721 00000084 83 C6 03                        	ADD	ESI,3
   722 00000087 0F B6 C0                        	MOVZX	EAX,AL
   723 0000008A 50                              	PUSH	EAX
   724 0000008B 68 000003C9                     	PUSH	969
   725 00000090 E8 [00000000]                   	CALL	_io_out8
   726 00000095 83 C4 18                        	ADD	ESP,24
   727 00000098 39 FB                           	CMP	EBX,EDI
   728 0000009A 7E BA                           	JLE	L7
   729 0000009C EB A6                           	JMP	L9
   730 0000009E                                 	GLOBAL	_boxfill8
   731 0000009E                                 _boxfill8:
   732 0000009E 55                              	PUSH	EBP
   733 0000009F 89 E5                           	MOV	EBP,ESP
   734 000000A1 57                              	PUSH	EDI
   735 000000A2 56                              	PUSH	ESI
   736 000000A3 53                              	PUSH	EBX
   737 000000A4 57                              	PUSH	EDI
   738 000000A5 57                              	PUSH	EDI
   739 000000A6 8A 45 10                        	MOV	AL,BYTE [16+EBP]
   740 000000A9 8B 4D 18                        	MOV	ECX,DWORD [24+EBP]
   741 000000AC 8B 7D 1C                        	MOV	EDI,DWORD [28+EBP]
   742 000000AF 88 45 F3                        	MOV	BYTE [-13+EBP],AL
   743 000000B2 3B 4D 20                        	CMP	ECX,DWORD [32+EBP]
   744 000000B5 7F 31                           	JG	L22
   745 000000B7 8B 5D 0C                        	MOV	EBX,DWORD [12+EBP]
   746 000000BA 0F AF D9                        	IMUL	EBX,ECX
   747 000000BD                                 L20:
   748 000000BD 8B 55 14                        	MOV	EDX,DWORD [20+EBP]
   749 000000C0 39 FA                           	CMP	EDX,EDI
   750 000000C2 7F 1B                           	JG	L24
   751 000000C4 8B 75 08                        	MOV	ESI,DWORD [8+EBP]
   752 000000C7 01 DE                           	ADD	ESI,EBX
   753 000000C9 01 D6                           	ADD	ESI,EDX
   754 000000CB 89 75 EC                        	MOV	DWORD [-20+EBP],ESI
   755 000000CE                                 L19:
   756 000000CE 8B 75 EC                        	MOV	ESI,DWORD [-20+EBP]
   757 000000D1 8A 45 F3                        	MOV	AL,BYTE [-13+EBP]
   758 000000D4 42                              	INC	EDX
   759 000000D5 88 06                           	MOV	BYTE [ESI],AL
   760 000000D7 46                              	INC	ESI
   761 000000D8 89 75 EC                        	MOV	DWORD [-20+EBP],ESI
   762 000000DB 39 FA                           	CMP	EDX,EDI
   763 000000DD 7E EF                           	JLE	L19
   764 000000DF                                 L24:
   765 000000DF 41                              	INC	ECX
   766 000000E0 03 5D 0C                        	ADD	EBX,DWORD [12+EBP]
   767 000000E3 3B 4D 20                        	CMP	ECX,DWORD [32+EBP]
   768 000000E6 7E D5                           	JLE	L20
   769 000000E8                                 L22:
   770 000000E8 5B                              	POP	EBX
   771 000000E9 5E                              	POP	ESI
   772 000000EA 5B                              	POP	EBX
   773 000000EB 5E                              	POP	ESI
   774 000000EC 5F                              	POP	EDI
   775 000000ED 5D                              	POP	EBP
   776 000000EE C3                              	RET
   777                                          [SECTION .data]
   778 000002FD 00 00 00                        	ALIGNB	8
   779 00000300                                 LC0:
   780 00000300 00000000                        	DD	0
   781 00000304 40230000                        	DD	1076035584
   782                                          [SECTION .text]
   783 000000EF                                 	GLOBAL	_init_screen8
   784 000000EF                                 _init_screen8:
   785 000000EF 55                              	PUSH	EBP
   786 000000F0 89 E5                           	MOV	EBP,ESP
   787 000000F2 57                              	PUSH	EDI
   788 000000F3 56                              	PUSH	ESI
   789 000000F4 53                              	PUSH	EBX
   790 000000F5 50                              	PUSH	EAX
   791 000000F6 50                              	PUSH	EAX
   792 000000F7 8B 5D 10                        	MOV	EBX,DWORD [16+EBP]
   793 000000FA 8B 75 0C                        	MOV	ESI,DWORD [12+EBP]
   794 000000FD 53                              	PUSH	EBX
   795 000000FE 56                              	PUSH	ESI
   796 000000FF 8D 7B E2                        	LEA	EDI,DWORD [-30+EBX]
   797 00000102 6A 00                           	PUSH	0
   798 00000104 6A 00                           	PUSH	0
   799 00000106 68 00000096                     	PUSH	150
   800 0000010B 56                              	PUSH	ESI
   801 0000010C FF 75 08                        	PUSH	DWORD [8+EBP]
   802 0000010F E8 FFFFFF8A                     	CALL	_boxfill8
   803 00000114 53                              	PUSH	EBX
   804 00000115 56                              	PUSH	ESI
   805 00000116 57                              	PUSH	EDI
   806 00000117 6A 00                           	PUSH	0
   807 00000119 68 00000088                     	PUSH	136
   808 0000011E 56                              	PUSH	ESI
   809 0000011F FF 75 08                        	PUSH	DWORD [8+EBP]
   810 00000122 E8 FFFFFF77                     	CALL	_boxfill8
   811 00000127 83 C4 38                        	ADD	ESP,56
   812 0000012A 53                              	PUSH	EBX
   813 0000012B 68 00000140                     	PUSH	320
   814 00000130 57                              	PUSH	EDI
   815 00000131 6A 3C                           	PUSH	60
   816 00000133 6A 39                           	PUSH	57
   817 00000135 56                              	PUSH	ESI
   818 00000136 FF 75 08                        	PUSH	DWORD [8+EBP]
   819 00000139 E8 FFFFFF60                     	CALL	_boxfill8
   820 0000013E 53                              	PUSH	EBX
   821 0000013F 56                              	PUSH	ESI
   822 00000140 DB 04 24                        	FILD	DWORD [ESP]
   823 00000143 D9 7D F2                        	FNSTCW	WORD [-14+EBP]
   824 00000146 DC 25 [00000300]                	FSUB	QWORD [LC0]
   825 0000014C 66 8B 45 F2                     	MOV	AX,WORD [-14+EBP]
   826 00000150 66 0D 0C00                      	OR	AX,3072
   827 00000154 66 89 45 F0                     	MOV	WORD [-16+EBP],AX
   828 00000158 D9 6D F0                        	FLDCW	WORD [-16+EBP]
   829 0000015B DB 5D EC                        	FISTP	DWORD [-20+EBP]
   830 0000015E D9 6D F2                        	FLDCW	WORD [-14+EBP]
   831 00000161 8B 45 EC                        	MOV	EAX,DWORD [-20+EBP]
   832 00000164 89 04 24                        	MOV	DWORD [ESP],EAX
   833 00000167 8D 46 F6                        	LEA	EAX,DWORD [-10+ESI]
   834 0000016A 57                              	PUSH	EDI
   835 0000016B 8D 7B F1                        	LEA	EDI,DWORD [-15+EBX]
   836 0000016E 50                              	PUSH	EAX
   837 0000016F 68 0000009E                     	PUSH	158
   838 00000174 56                              	PUSH	ESI
   839 00000175 FF 75 08                        	PUSH	DWORD [8+EBP]
   840 00000178 E8 FFFFFF21                     	CALL	_boxfill8
   841 0000017D 8D 43 E7                        	LEA	EAX,DWORD [-25+EBX]
   842 00000180 83 C4 38                        	ADD	ESP,56
   843 00000183 83 EB 05                        	SUB	EBX,5
   844 00000186 57                              	PUSH	EDI
   845 00000187 6A 28                           	PUSH	40
   846 00000189 50                              	PUSH	EAX
   847 0000018A 6A 1E                           	PUSH	30
   848 0000018C 6A 00                           	PUSH	0
   849 0000018E 56                              	PUSH	ESI
   850 0000018F FF 75 08                        	PUSH	DWORD [8+EBP]
   851 00000192 E8 FFFFFF07                     	CALL	_boxfill8
   852 00000197 53                              	PUSH	EBX
   853 00000198 6A 1E                           	PUSH	30
   854 0000019A 57                              	PUSH	EDI
   855 0000019B 6A 14                           	PUSH	20
   856 0000019D 6A 00                           	PUSH	0
   857 0000019F 56                              	PUSH	ESI
   858 000001A0 FF 75 08                        	PUSH	DWORD [8+EBP]
   859 000001A3 E8 FFFFFEF6                     	CALL	_boxfill8
   860 000001A8 8D 65 F4                        	LEA	ESP,DWORD [-12+EBP]
   861 000001AB 5B                              	POP	EBX
   862 000001AC 5E                              	POP	ESI
   863 000001AD 5F                              	POP	EDI
   864 000001AE 5D                              	POP	EBP
   865 000001AF C3                              	RET
   866 000001B0                                 	GLOBAL	_putfont8
   867 000001B0                                 _putfont8:
   868 000001B0 55                              	PUSH	EBP
   869 000001B1 89 E5                           	MOV	EBP,ESP
   870 000001B3 57                              	PUSH	EDI
   871 000001B4 56                              	PUSH	ESI
   872 000001B5 31 F6                           	XOR	ESI,ESI
   873 000001B7 53                              	PUSH	EBX
   874 000001B8 8B 7D 1C                        	MOV	EDI,DWORD [28+EBP]
   875 000001BB 8A 5D 18                        	MOV	BL,BYTE [24+EBP]
   876 000001BE                                 L39:
   877 000001BE 8B 45 14                        	MOV	EAX,DWORD [20+EBP]
   878 000001C1 8B 55 10                        	MOV	EDX,DWORD [16+EBP]
   879 000001C4 01 F0                           	ADD	EAX,ESI
   880 000001C6 0F AF 45 0C                     	IMUL	EAX,DWORD [12+EBP]
   881 000001CA 03 45 08                        	ADD	EAX,DWORD [8+EBP]
   882 000001CD 8D 0C 02                        	LEA	ECX,DWORD [EDX+EAX*1]
   883 000001D0 8A 14 3E                        	MOV	DL,BYTE [ESI+EDI*1]
   884 000001D3 84 D2                           	TEST	DL,DL
   885 000001D5 79 02                           	JNS	L31
   886 000001D7 88 19                           	MOV	BYTE [ECX],BL
   887 000001D9                                 L31:
   888 000001D9 88 D0                           	MOV	AL,DL
   889 000001DB 83 E0 40                        	AND	EAX,64
   890 000001DE 84 C0                           	TEST	AL,AL
   891 000001E0 74 03                           	JE	L32
   892 000001E2 88 59 01                        	MOV	BYTE [1+ECX],BL
   893 000001E5                                 L32:
   894 000001E5 88 D0                           	MOV	AL,DL
   895 000001E7 83 E0 20                        	AND	EAX,32
   896 000001EA 84 C0                           	TEST	AL,AL
   897 000001EC 74 03                           	JE	L33
   898 000001EE 88 59 02                        	MOV	BYTE [2+ECX],BL
   899 000001F1                                 L33:
   900 000001F1 88 D0                           	MOV	AL,DL
   901 000001F3 83 E0 10                        	AND	EAX,16
   902 000001F6 84 C0                           	TEST	AL,AL
   903 000001F8 74 03                           	JE	L34
   904 000001FA 88 59 03                        	MOV	BYTE [3+ECX],BL
   905 000001FD                                 L34:
   906 000001FD 88 D0                           	MOV	AL,DL
   907 000001FF 83 E0 08                        	AND	EAX,8
   908 00000202 84 C0                           	TEST	AL,AL
   909 00000204 74 03                           	JE	L35
   910 00000206 88 59 04                        	MOV	BYTE [4+ECX],BL
   911 00000209                                 L35:
   912 00000209 88 D0                           	MOV	AL,DL
   913 0000020B 83 E0 04                        	AND	EAX,4
   914 0000020E 84 C0                           	TEST	AL,AL
   915 00000210 74 03                           	JE	L36
   916 00000212 88 59 05                        	MOV	BYTE [5+ECX],BL
   917 00000215                                 L36:
   918 00000215 88 D0                           	MOV	AL,DL
   919 00000217 83 E0 02                        	AND	EAX,2
   920 0000021A 84 C0                           	TEST	AL,AL
   921 0000021C 74 03                           	JE	L37
   922 0000021E 88 59 06                        	MOV	BYTE [6+ECX],BL
   923 00000221                                 L37:
   924 00000221 83 E2 01                        	AND	EDX,1
   925 00000224 84 D2                           	TEST	DL,DL
   926 00000226 74 03                           	JE	L29
   927 00000228 88 59 07                        	MOV	BYTE [7+ECX],BL
   928 0000022B                                 L29:
   929 0000022B 46                              	INC	ESI
   930 0000022C 83 FE 0F                        	CMP	ESI,15
   931 0000022F 7E 8D                           	JLE	L39
   932 00000231 5B                              	POP	EBX
   933 00000232 5E                              	POP	ESI
   934 00000233 5F                              	POP	EDI
   935 00000234 5D                              	POP	EBP
   936 00000235 C3                              	RET
   937 00000236                                 	GLOBAL	_putfonts8_asc
   938 00000236                                 _putfonts8_asc:
   939 00000236 55                              	PUSH	EBP
   940 00000237 89 E5                           	MOV	EBP,ESP
   941 00000239 57                              	PUSH	EDI
   942 0000023A 56                              	PUSH	ESI
   943 0000023B 53                              	PUSH	EBX
   944 0000023C 50                              	PUSH	EAX
   945 0000023D 8B 5D 1C                        	MOV	EBX,DWORD [28+EBP]
   946 00000240 8A 45 18                        	MOV	AL,BYTE [24+EBP]
   947 00000243 88 45 F3                        	MOV	BYTE [-13+EBP],AL
   948 00000246 8B 75 10                        	MOV	ESI,DWORD [16+EBP]
   949 00000249 8B 7D 14                        	MOV	EDI,DWORD [20+EBP]
   950 0000024C 80 3B 00                        	CMP	BYTE [EBX],0
   951 0000024F 75 08                           	JNE	L47
   952 00000251                                 L49:
   953 00000251 8D 65 F4                        	LEA	ESP,DWORD [-12+EBP]
   954 00000254 5B                              	POP	EBX
   955 00000255 5E                              	POP	ESI
   956 00000256 5F                              	POP	EDI
   957 00000257 5D                              	POP	EBP
   958 00000258 C3                              	RET
   959 00000259                                 L47:
   960 00000259 0F B6 03                        	MOVZX	EAX,BYTE [EBX]
   961 0000025C C1 E0 04                        	SAL	EAX,4
   962 0000025F 43                              	INC	EBX
   963 00000260 05 [00000000]                   	ADD	EAX,_hankaku
   964 00000265 50                              	PUSH	EAX
   965 00000266 0F BE 45 F3                     	MOVSX	EAX,BYTE [-13+EBP]
   966 0000026A 50                              	PUSH	EAX
   967 0000026B 57                              	PUSH	EDI
   968 0000026C 56                              	PUSH	ESI
   969 0000026D 83 C6 08                        	ADD	ESI,8
   970 00000270 FF 75 0C                        	PUSH	DWORD [12+EBP]
   971 00000273 FF 75 08                        	PUSH	DWORD [8+EBP]
   972 00000276 E8 FFFFFF35                     	CALL	_putfont8
   973 0000027B 83 C4 18                        	ADD	ESP,24
   974 0000027E 80 3B 00                        	CMP	BYTE [EBX],0
   975 00000281 75 D6                           	JNE	L47
   976 00000283 EB CC                           	JMP	L49
   977                                          [SECTION .data]
   978 00000308                                 _cursor.1:
   979 00000308 2A 2E 2E 2E 2E 2E 2E 2E 2E 2E   	DB	"*..............."
       00000312 2E 2E 2E 2E 2E 2E 
   980 00000318 2A 2A 2E 2E 2E 2E 2E 2E 2E 2E   	DB	"**.............."
       00000322 2E 2E 2E 2E 2E 2E 
   981 00000328 2A 4F 2A 2E 2E 2E 2E 2E 2E 2E   	DB	"*O*............."
       00000332 2E 2E 2E 2E 2E 2E 
   982 00000338 2A 4F 4F 2A 2E 2E 2E 2E 2E 2E   	DB	"*OO*............"
       00000342 2E 2E 2E 2E 2E 2E 
   983 00000348 2A 4F 4F 4F 2A 2E 2E 2E 2E 2E   	DB	"*OOO*..........."
       00000352 2E 2E 2E 2E 2E 2E 
   984 00000358 2A 4F 4F 4F 4F 2A 2E 2E 2E 2E   	DB	"*OOOO*.........."
       00000362 2E 2E 2E 2E 2E 2E 
   985 00000368 2A 4F 4F 4F 4F 4F 2A 2E 2E 2E   	DB	"*OOOOO*........."
       00000372 2E 2E 2E 2E 2E 2E 
   986 00000378 2A 4F 4F 4F 4F 4F 4F 2A 2E 2E   	DB	"*OOOOOO*........"
       00000382 2E 2E 2E 2E 2E 2E 
   987 00000388 2A 4F 4F 4F 4F 4F 4F 4F 2A 2E   	DB	"*OOOOOOO*......."
       00000392 2E 2E 2E 2E 2E 2E 
   988 00000398 2A 4F 4F 4F 4F 2A 2A 2A 2A 2A   	DB	"*OOOO*****......"
       000003A2 2E 2E 2E 2E 2E 2E 
   989 000003A8 2A 4F 4F 2A 4F 2A 2E 2E 2E 2E   	DB	"*OO*O*.........."
       000003B2 2E 2E 2E 2E 2E 2E 
   990 000003B8 2A 4F 2A 2E 2A 4F 2A 2E 2E 2E   	DB	"*O*.*O*........."
       000003C2 2E 2E 2E 2E 2E 2E 
   991 000003C8 2A 2A 2E 2E 2A 4F 2A 2E 2E 2E   	DB	"**..*O*........."
       000003D2 2E 2E 2E 2E 2E 2E 
   992 000003D8 2A 2E 2E 2E 2E 2A 4F 2A 2E 2E   	DB	"*....*O*........"
       000003E2 2E 2E 2E 2E 2E 2E 
   993 000003E8 2E 2E 2E 2E 2E 2A 4F 2A 2E 2E   	DB	".....*O*........"
       000003F2 2E 2E 2E 2E 2E 2E 
   994 000003F8 2E 2E 2E 2E 2E 2E 2A 2E 2E 2E   	DB	"......*........."
       00000402 2E 2E 2E 2E 2E 2E 
   995                                          [SECTION .text]
   996 00000285                                 	GLOBAL	_init_mouse_cursor8
   997 00000285                                 _init_mouse_cursor8:
   998 00000285 55                              	PUSH	EBP
   999 00000286 89 E5                           	MOV	EBP,ESP
  1000 00000288 57                              	PUSH	EDI
  1001 00000289 56                              	PUSH	ESI
  1002 0000028A 31 FF                           	XOR	EDI,EDI
  1003 0000028C 53                              	PUSH	EBX
  1004 0000028D 31 DB                           	XOR	EBX,EBX
  1005 0000028F 50                              	PUSH	EAX
  1006 00000290 8A 45 0C                        	MOV	AL,BYTE [12+EBP]
  1007 00000293 8B 75 08                        	MOV	ESI,DWORD [8+EBP]
  1008 00000296 88 45 F3                        	MOV	BYTE [-13+EBP],AL
  1009 00000299                                 L63:
  1010 00000299 31 D2                           	XOR	EDX,EDX
  1011 0000029B                                 L62:
  1012 0000029B 8D 04 3A                        	LEA	EAX,DWORD [EDX+EDI*1]
  1013 0000029E 80 B8 [00000308] 2A             	CMP	BYTE [_cursor.1+EAX],42
  1014 000002A5 74 35                           	JE	L68
  1015 000002A7                                 L59:
  1016 000002A7 80 B8 [00000308] 4F             	CMP	BYTE [_cursor.1+EAX],79
  1017 000002AE 74 26                           	JE	L69
  1018 000002B0                                 L60:
  1019 000002B0 80 B8 [00000308] 2E             	CMP	BYTE [_cursor.1+EAX],46
  1020 000002B7 74 15                           	JE	L70
  1021 000002B9                                 L57:
  1022 000002B9 42                              	INC	EDX
  1023 000002BA 83 FA 0F                        	CMP	EDX,15
  1024 000002BD 7E DC                           	JLE	L62
  1025 000002BF 43                              	INC	EBX
  1026 000002C0 83 C7 10                        	ADD	EDI,16
  1027 000002C3 83 FB 0F                        	CMP	EBX,15
  1028 000002C6 7E D1                           	JLE	L63
  1029 000002C8 58                              	POP	EAX
  1030 000002C9 5B                              	POP	EBX
  1031 000002CA 5E                              	POP	ESI
  1032 000002CB 5F                              	POP	EDI
  1033 000002CC 5D                              	POP	EBP
  1034 000002CD C3                              	RET
  1035 000002CE                                 L70:
  1036 000002CE 8A 4D F3                        	MOV	CL,BYTE [-13+EBP]
  1037 000002D1 88 0C 30                        	MOV	BYTE [EAX+ESI*1],CL
  1038 000002D4 EB E3                           	JMP	L57
  1039 000002D6                                 L69:
  1040 000002D6 C6 04 30 00                     	MOV	BYTE [EAX+ESI*1],0
  1041 000002DA EB D4                           	JMP	L60
  1042 000002DC                                 L68:
  1043 000002DC C6 04 30 D8                     	MOV	BYTE [EAX+ESI*1],-40
  1044 000002E0 EB C5                           	JMP	L59
  1045 000002E2                                 	GLOBAL	_putblock8_8
  1046 000002E2                                 _putblock8_8:
  1047 000002E2 55                              	PUSH	EBP
  1048 000002E3 89 E5                           	MOV	EBP,ESP
  1049 000002E5 57                              	PUSH	EDI
  1050 000002E6 56                              	PUSH	ESI
  1051 000002E7 31 F6                           	XOR	ESI,ESI
  1052 000002E9 53                              	PUSH	EBX
  1053 000002EA 83 EC 0C                        	SUB	ESP,12
  1054 000002ED 3B 75 14                        	CMP	ESI,DWORD [20+EBP]
  1055 000002F0 7D 3E                           	JGE	L83
  1056 000002F2 31 FF                           	XOR	EDI,EDI
  1057 000002F4                                 L81:
  1058 000002F4 31 DB                           	XOR	EBX,EBX
  1059 000002F6 3B 5D 10                        	CMP	EBX,DWORD [16+EBP]
  1060 000002F9 7D 2C                           	JGE	L85
  1061 000002FB 8B 45 20                        	MOV	EAX,DWORD [32+EBP]
  1062 000002FE 01 F8                           	ADD	EAX,EDI
  1063 00000300 89 45 EC                        	MOV	DWORD [-20+EBP],EAX
  1064 00000303                                 L80:
  1065 00000303 8B 45 1C                        	MOV	EAX,DWORD [28+EBP]
  1066 00000306 8B 55 18                        	MOV	EDX,DWORD [24+EBP]
  1067 00000309 01 F0                           	ADD	EAX,ESI
  1068 0000030B 01 DA                           	ADD	EDX,EBX
  1069 0000030D 0F AF 45 0C                     	IMUL	EAX,DWORD [12+EBP]
  1070 00000311 01 D0                           	ADD	EAX,EDX
  1071 00000313 8B 4D 08                        	MOV	ECX,DWORD [8+EBP]
  1072 00000316 8B 55 EC                        	MOV	EDX,DWORD [-20+EBP]
  1073 00000319 43                              	INC	EBX
  1074 0000031A 8A 12                           	MOV	DL,BYTE [EDX]
  1075 0000031C 88 14 08                        	MOV	BYTE [EAX+ECX*1],DL
  1076 0000031F FF 45 EC                        	INC	DWORD [-20+EBP]
  1077 00000322 3B 5D 10                        	CMP	EBX,DWORD [16+EBP]
  1078 00000325 7C DC                           	JL	L80
  1079 00000327                                 L85:
  1080 00000327 46                              	INC	ESI
  1081 00000328 03 7D 24                        	ADD	EDI,DWORD [36+EBP]
  1082 0000032B 3B 75 14                        	CMP	ESI,DWORD [20+EBP]
  1083 0000032E 7C C4                           	JL	L81
  1084 00000330                                 L83:
  1085 00000330 83 C4 0C                        	ADD	ESP,12
  1086 00000333 5B                              	POP	EBX
  1087 00000334 5E                              	POP	ESI
  1088 00000335 5F                              	POP	EDI
  1089 00000336 5D                              	POP	EBP
  1090 00000337 C3                              	RET
