     1 00000000                                 [FORMAT "WCOFF"]
     2 00000000                                 [INSTRSET "i486p"]
     3 00000000                                 [OPTIMIZE 1]
     4 00000000                                 [OPTION 1]
     5 00000000                                 [BITS 32]
     6 00000000                                 	EXTERN	_init_gdtidt
     7 00000000                                 	EXTERN	_init_pic
     8 00000000                                 	EXTERN	_io_sti
     9 00000000                                 	EXTERN	_fifo32_init
    10 00000000                                 	EXTERN	_init_pit
    11 00000000                                 	EXTERN	_init_keyboard
    12 00000000                                 	EXTERN	_enable_mouse
    13 00000000                                 	EXTERN	_io_out8
    14 00000000                                 	EXTERN	_memtest
    15 00000000                                 	EXTERN	_memman_init
    16 00000000                                 	EXTERN	_memman_free
    17 00000000                                 	EXTERN	_init_palette
    18 00000000                                 	EXTERN	_shtctl_init
    19 00000000                                 	EXTERN	_task_init
    20 00000000                                 	EXTERN	_task_run
    21 00000000                                 	EXTERN	_sheet_alloc
    22 00000000                                 	EXTERN	_memman_alloc_4k
    23 00000000                                 	EXTERN	_sheet_setbuf
    24 00000000                                 	EXTERN	_init_screen8
    25 00000000                                 	EXTERN	_init_mouse_cursor8
    26 00000000                                 	EXTERN	_sheet_slide
    27 00000000                                 	EXTERN	_sheet_updown
    28 00000000                                 	EXTERN	_fifo32_put
    29 00000000                                 	EXTERN	_fifo32_status
    30 00000000                                 	EXTERN	_io_cli
    31 00000000                                 	EXTERN	_fifo32_get
    32 00000000                                 	EXTERN	_memman_free_4k
    33 00000000                                 	EXTERN	_sheet_free
    34 00000000                                 	EXTERN	_taskctl
    35 00000000                                 	EXTERN	_mouse_decode
    36 00000000                                 	EXTERN	_cons_putstr0
    37 00000000                                 	EXTERN	_asm_end_app
    38 00000000                                 	EXTERN	_keytable0.0
    39 00000000                                 	EXTERN	_wait_KBC_sendready
    40 00000000                                 	EXTERN	_keytable1.1
    41 00000000                                 	EXTERN	_task_sleep
    42 00000000                                 	EXTERN	_change_wtitle8
    43 00000000                                 	EXTERN	_task_alloc
    44 00000000                                 	EXTERN	_console_task
    45 00000000                                 	EXTERN	_make_window8
    46 00000000                                 	EXTERN	_make_textbox8
    47 00000000                                 [FILE "bootpack.c"]
    48                                          [SECTION .data]
    49 00000000                                 _keytable0.0:
    50 00000000 00                              	DB	0
    51 00000001 00                              	DB	0
    52 00000002 31                              	DB	49
    53 00000003 32                              	DB	50
    54 00000004 33                              	DB	51
    55 00000005 34                              	DB	52
    56 00000006 35                              	DB	53
    57 00000007 36                              	DB	54
    58 00000008 37                              	DB	55
    59 00000009 38                              	DB	56
    60 0000000A 39                              	DB	57
    61 0000000B 30                              	DB	48
    62 0000000C 2D                              	DB	45
    63 0000000D 3D                              	DB	61
    64 0000000E 08                              	DB	8
    65 0000000F 00                              	DB	0
    66 00000010 51                              	DB	81
    67 00000011 57                              	DB	87
    68 00000012 45                              	DB	69
    69 00000013 52                              	DB	82
    70 00000014 54                              	DB	84
    71 00000015 59                              	DB	89
    72 00000016 55                              	DB	85
    73 00000017 49                              	DB	73
    74 00000018 4F                              	DB	79
    75 00000019 50                              	DB	80
    76 0000001A 5B                              	DB	91
    77 0000001B 5D                              	DB	93
    78 0000001C 0A                              	DB	10
    79 0000001D 00                              	DB	0
    80 0000001E 41                              	DB	65
    81 0000001F 53                              	DB	83
    82 00000020 44                              	DB	68
    83 00000021 46                              	DB	70
    84 00000022 47                              	DB	71
    85 00000023 48                              	DB	72
    86 00000024 4A                              	DB	74
    87 00000025 4B                              	DB	75
    88 00000026 4C                              	DB	76
    89 00000027 3B                              	DB	59
    90 00000028 3A                              	DB	58
    91 00000029 00                              	DB	0
    92 0000002A 00                              	DB	0
    93 0000002B 00                              	DB	0
    94 0000002C 5A                              	DB	90
    95 0000002D 58                              	DB	88
    96 0000002E 43                              	DB	67
    97 0000002F 56                              	DB	86
    98 00000030 42                              	DB	66
    99 00000031 4E                              	DB	78
   100 00000032 4D                              	DB	77
   101 00000033 2C                              	DB	44
   102 00000034 2E                              	DB	46
   103 00000035 2F                              	DB	47
   104 00000036 37                              	DB	55
   105 00000037 38                              	DB	56
   106 00000038 39                              	DB	57
   107 00000039 2D                              	DB	45
   108 0000003A 34                              	DB	52
   109 0000003B 35                              	DB	53
   110 0000003C 36                              	DB	54
   111 0000003D 2B                              	DB	43
   112 0000003E 31                              	DB	49
   113 0000003F 32                              	DB	50
   114 00000040 33                              	DB	51
   115 00000041 30                              	DB	48
   116 00000042 2E                              	DB	46
   117 00000043 00                              	DB	0
   118 00000044 00                              	DB	0
   119 00000045 00                              	DB	0
   120 00000046 00                              	DB	0
   121 00000047 00                              	DB	0
   122 00000048 00                              	DB	0
   123 00000049 00                              	DB	0
   124 0000004A 00                              	DB	0
   125 0000004B 00                              	DB	0
   126 0000004C 00                              	DB	0
   127 0000004D 00                              	DB	0
   128 0000004E 00                              	DB	0
   129 0000004F 00                              	DB	0
   130 00000050 00                              	DB	0
   131 00000051 00                              	DB	0
   132 00000052 00                              	DB	0
   133 00000053 00                              	DB	0
   134 00000054 00                              	DB	0
   135 00000055 00                              	DB	0
   136 00000056 00                              	DB	0
   137 00000057 00                              	DB	0
   138 00000058 00                              	DB	0
   139 00000059 00                              	DB	0
   140 0000005A 00                              	DB	0
   141 0000005B 00                              	DB	0
   142 0000005C 00                              	DB	0
   143 0000005D 00                              	DB	0
   144 0000005E 00                              	DB	0
   145 0000005F 00                              	DB	0
   146 00000060 00                              	DB	0
   147 00000061 00                              	DB	0
   148 00000062 5C                              	DB	92
   149 00000063 00                              	DB	0
   150 00000064 00                              	DB	0
   151 00000065 00                              	DB	0
   152 00000066 00                              	DB	0
   153 00000067 00                              	DB	0
   154 00000068 00                              	DB	0
   155 00000069 00                              	DB	0
   156 0000006A 00                              	DB	0
   157 0000006B 00                              	DB	0
   158 0000006C 5C                              	DB	92
   159 0000006D 00                              	DB	0
   160 0000006E 00                              	DB	0
   161 0000006F 00 00 00 00 00 00 00 00 00 00   	RESB	17
       00000079 00 00 00 00 00 00 00 
   162 00000080                                 _keytable1.1:
   163 00000080 00                              	DB	0
   164 00000081 7E                              	DB	126
   165 00000082 21                              	DB	33
   166 00000083 40                              	DB	64
   167 00000084 23                              	DB	35
   168 00000085 24                              	DB	36
   169 00000086 25                              	DB	37
   170 00000087 5E                              	DB	94
   171 00000088 26                              	DB	38
   172 00000089 2A                              	DB	42
   173 0000008A 28                              	DB	40
   174 0000008B 29                              	DB	41
   175 0000008C 5F                              	DB	95
   176 0000008D 2B                              	DB	43
   177 0000008E 08                              	DB	8
   178 0000008F 00                              	DB	0
   179 00000090 51                              	DB	81
   180 00000091 57                              	DB	87
   181 00000092 45                              	DB	69
   182 00000093 52                              	DB	82
   183 00000094 54                              	DB	84
   184 00000095 59                              	DB	89
   185 00000096 55                              	DB	85
   186 00000097 49                              	DB	73
   187 00000098 4F                              	DB	79
   188 00000099 50                              	DB	80
   189 0000009A 7B                              	DB	123
   190 0000009B 7D                              	DB	125
   191 0000009C 7C                              	DB	124
   192 0000009D 00                              	DB	0
   193 0000009E 41                              	DB	65
   194 0000009F 53                              	DB	83
   195 000000A0 44                              	DB	68
   196 000000A1 46                              	DB	70
   197 000000A2 47                              	DB	71
   198 000000A3 48                              	DB	72
   199 000000A4 4A                              	DB	74
   200 000000A5 4B                              	DB	75
   201 000000A6 4C                              	DB	76
   202 000000A7 3A                              	DB	58
   203 000000A8 22                              	DB	34
   204 000000A9 00                              	DB	0
   205 000000AA 00                              	DB	0
   206 000000AB 7D                              	DB	125
   207 000000AC 5A                              	DB	90
   208 000000AD 58                              	DB	88
   209 000000AE 43                              	DB	67
   210 000000AF 56                              	DB	86
   211 000000B0 42                              	DB	66
   212 000000B1 4E                              	DB	78
   213 000000B2 4D                              	DB	77
   214 000000B3 3C                              	DB	60
   215 000000B4 3E                              	DB	62
   216 000000B5 3F                              	DB	63
   217 000000B6 00                              	DB	0
   218 000000B7 2A                              	DB	42
   219 000000B8 00                              	DB	0
   220 000000B9 20                              	DB	32
   221 000000BA 00                              	DB	0
   222 000000BB 00                              	DB	0
   223 000000BC 00                              	DB	0
   224 000000BD 00                              	DB	0
   225 000000BE 00                              	DB	0
   226 000000BF 00                              	DB	0
   227 000000C0 00                              	DB	0
   228 000000C1 00                              	DB	0
   229 000000C2 00                              	DB	0
   230 000000C3 00                              	DB	0
   231 000000C4 00                              	DB	0
   232 000000C5 00                              	DB	0
   233 000000C6 00                              	DB	0
   234 000000C7 37                              	DB	55
   235 000000C8 38                              	DB	56
   236 000000C9 39                              	DB	57
   237 000000CA 2D                              	DB	45
   238 000000CB 34                              	DB	52
   239 000000CC 35                              	DB	53
   240 000000CD 36                              	DB	54
   241 000000CE 2B                              	DB	43
   242 000000CF 31                              	DB	49
   243 000000D0 32                              	DB	50
   244 000000D1 33                              	DB	51
   245 000000D2 30                              	DB	48
   246 000000D3 2E                              	DB	46
   247 000000D4 00                              	DB	0
   248 000000D5 00                              	DB	0
   249 000000D6 00                              	DB	0
   250 000000D7 00                              	DB	0
   251 000000D8 00                              	DB	0
   252 000000D9 00                              	DB	0
   253 000000DA 00                              	DB	0
   254 000000DB 00                              	DB	0
   255 000000DC 00                              	DB	0
   256 000000DD 00                              	DB	0
   257 000000DE 00                              	DB	0
   258 000000DF 00                              	DB	0
   259 000000E0 00                              	DB	0
   260 000000E1 00                              	DB	0
   261 000000E2 00                              	DB	0
   262 000000E3 00                              	DB	0
   263 000000E4 00                              	DB	0
   264 000000E5 00                              	DB	0
   265 000000E6 00                              	DB	0
   266 000000E7 00                              	DB	0
   267 000000E8 00                              	DB	0
   268 000000E9 00                              	DB	0
   269 000000EA 00                              	DB	0
   270 000000EB 00                              	DB	0
   271 000000EC 00                              	DB	0
   272 000000ED 00                              	DB	0
   273 000000EE 00                              	DB	0
   274 000000EF 00                              	DB	0
   275 000000F0 00                              	DB	0
   276 000000F1 00                              	DB	0
   277 000000F2 00                              	DB	0
   278 000000F3 5F                              	DB	95
   279 000000F4 00                              	DB	0
   280 000000F5 00                              	DB	0
   281 000000F6 00                              	DB	0
   282 000000F7 00                              	DB	0
   283 000000F8 00                              	DB	0
   284 000000F9 00                              	DB	0
   285 000000FA 00                              	DB	0
   286 000000FB 00                              	DB	0
   287 000000FC 00                              	DB	0
   288 000000FD 7C                              	DB	124
   289 000000FE 00                              	DB	0
   290 000000FF 00                              	DB	0
   291 00000100                                 LC1:
   292 00000100 0A 42 72 65 61 6B 28 6D 6F 75   	DB	0x0A,"Break(mouse) :",0x0A,0x00
       0000010A 73 65 29 20 3A 0A 00 
   293 00000111                                 LC0:
   294 00000111 0A 42 72 65 61 6B 28 6B 65 79   	DB	0x0A,"Break(key) :",0x0A,0x00
       0000011B 29 20 3A 0A 00 
   295                                          [SECTION .text]
   296 00000000                                 	GLOBAL	_HariMain
   297 00000000                                 _HariMain:
   298 00000000 55                              	PUSH	EBP
   299 00000001 89 E5                           	MOV	EBP,ESP
   300 00000003 57                              	PUSH	EDI
   301 00000004 56                              	PUSH	ESI
   302 00000005 53                              	PUSH	EBX
   303 00000006 8D 5D A4                        	LEA	EBX,DWORD [-92+EBP]
   304 00000009 81 EC 00000450                  	SUB	ESP,1104
   305 0000000F C7 85 FFFFFBE4 FFFFFFFF         	MOV	DWORD [-1052+EBP],-1
   306 00000019 C7 85 FFFFFBE0 00000000         	MOV	DWORD [-1056+EBP],0
   307 00000023 C7 85 FFFFFBDC 7FFFFFFF         	MOV	DWORD [-1060+EBP],2147483647
   308 0000002D C7 85 FFFFFBD8 00000000         	MOV	DWORD [-1064+EBP],0
   309 00000037 C7 85 FFFFFBC8 00000000         	MOV	DWORD [-1080+EBP],0
   310 00000041 A0 00000FF1                     	MOV	AL,BYTE [4081]
   311 00000046 C0 F8 04                        	SAR	AL,4
   312 00000049 89 C2                           	MOV	EDX,EAX
   313 0000004B 83 E2 07                        	AND	EDX,7
   314 0000004E 89 95 FFFFFBC4                  	MOV	DWORD [-1084+EBP],EDX
   315 00000054 C7 85 FFFFFBC0 FFFFFFFF         	MOV	DWORD [-1088+EBP],-1
   316 0000005E C7 85 FFFFFBBC FFFFFFFF         	MOV	DWORD [-1092+EBP],-1
   317 00000068 C7 85 FFFFFBB8 FFFFFFFF         	MOV	DWORD [-1096+EBP],-1
   318 00000072 C7 85 FFFFFBB4 00000000         	MOV	DWORD [-1100+EBP],0
   319 0000007C C7 85 FFFFFBB0 00000000         	MOV	DWORD [-1104+EBP],0
   320 00000086 E8 [00000000]                   	CALL	_init_gdtidt
   321 0000008B E8 [00000000]                   	CALL	_init_pic
   322 00000090 E8 [00000000]                   	CALL	_io_sti
   323 00000095 8D 85 FFFFFD84                  	LEA	EAX,DWORD [-636+EBP]
   324 0000009B 6A 00                           	PUSH	0
   325 0000009D 50                              	PUSH	EAX
   326 0000009E 68 00000080                     	PUSH	128
   327 000000A3 53                              	PUSH	EBX
   328 000000A4 E8 [00000000]                   	CALL	_fifo32_init
   329 000000A9 89 1D 00000FEC                  	MOV	DWORD [4076],EBX
   330 000000AF E8 [00000000]                   	CALL	_init_pit
   331 000000B4 68 00000100                     	PUSH	256
   332 000000B9 53                              	PUSH	EBX
   333 000000BA E8 [00000000]                   	CALL	_init_keyboard
   334 000000BF 8D 85 FFFFFCF4                  	LEA	EAX,DWORD [-780+EBP]
   335 000000C5 50                              	PUSH	EAX
   336 000000C6 68 00000200                     	PUSH	512
   337 000000CB 53                              	PUSH	EBX
   338 000000CC E8 [00000000]                   	CALL	_enable_mouse
   339 000000D1 83 C4 24                        	ADD	ESP,36
   340 000000D4 68 000000F8                     	PUSH	248
   341 000000D9 6A 21                           	PUSH	33
   342 000000DB E8 [00000000]                   	CALL	_io_out8
   343 000000E0 68 000000EF                     	PUSH	239
   344 000000E5 68 000000A1                     	PUSH	161
   345 000000EA E8 [00000000]                   	CALL	_io_out8
   346 000000EF 8D 85 FFFFFD04                  	LEA	EAX,DWORD [-764+EBP]
   347 000000F5 6A 00                           	PUSH	0
   348 000000F7 50                              	PUSH	EAX
   349 000000F8 8D 45 84                        	LEA	EAX,DWORD [-124+EBP]
   350 000000FB 6A 20                           	PUSH	32
   351 000000FD 50                              	PUSH	EAX
   352 000000FE E8 [00000000]                   	CALL	_fifo32_init
   353 00000103 83 C4 20                        	ADD	ESP,32
   354 00000106 68 BFFFFFFF                     	PUSH	-1073741825
   355 0000010B 68 00400000                     	PUSH	4194304
   356 00000110 E8 [00000000]                   	CALL	_memtest
   357 00000115 68 003C0000                     	PUSH	3932160
   358 0000011A 89 85 FFFFFBD4                  	MOV	DWORD [-1068+EBP],EAX
   359 00000120 E8 [00000000]                   	CALL	_memman_init
   360 00000125 68 0009E000                     	PUSH	647168
   361 0000012A 68 00001000                     	PUSH	4096
   362 0000012F 68 003C0000                     	PUSH	3932160
   363 00000134 E8 [00000000]                   	CALL	_memman_free
   364 00000139 8B 85 FFFFFBD4                  	MOV	EAX,DWORD [-1068+EBP]
   365 0000013F 2D 00400000                     	SUB	EAX,4194304
   366 00000144 50                              	PUSH	EAX
   367 00000145 68 00400000                     	PUSH	4194304
   368 0000014A 68 003C0000                     	PUSH	3932160
   369 0000014F E8 [00000000]                   	CALL	_memman_free
   370 00000154 83 C4 24                        	ADD	ESP,36
   371 00000157 E8 [00000000]                   	CALL	_init_palette
   372 0000015C 0F BF 05 00000FF6               	MOVSX	EAX,WORD [4086]
   373 00000163 50                              	PUSH	EAX
   374 00000164 0F BF 05 00000FF4               	MOVSX	EAX,WORD [4084]
   375 0000016B 50                              	PUSH	EAX
   376 0000016C FF 35 00000FF8                  	PUSH	DWORD [4088]
   377 00000172 68 003C0000                     	PUSH	3932160
   378 00000177 E8 [00000000]                   	CALL	_shtctl_init
   379 0000017C 68 003C0000                     	PUSH	3932160
   380 00000181 89 85 FFFFFBF0                  	MOV	DWORD [-1040+EBP],EAX
   381 00000187 E8 [00000000]                   	CALL	_task_init
   382 0000018C 6A 02                           	PUSH	2
   383 0000018E 6A 01                           	PUSH	1
   384 00000190 89 85 FFFFFBCC                  	MOV	DWORD [-1076+EBP],EAX
   385 00000196 50                              	PUSH	EAX
   386 00000197 89 45 BC                        	MOV	DWORD [-68+EBP],EAX
   387 0000019A E8 [00000000]                   	CALL	_task_run
   388 0000019F 83 C4 20                        	ADD	ESP,32
   389 000001A2 8B 95 FFFFFBF0                  	MOV	EDX,DWORD [-1040+EBP]
   390 000001A8 89 15 00000FE4                  	MOV	DWORD [4068],EDX
   391 000001AE 52                              	PUSH	EDX
   392 000001AF E8 [00000000]                   	CALL	_sheet_alloc
   393 000001B4 89 C6                           	MOV	ESI,EAX
   394 000001B6 0F BF 15 00000FF6               	MOVSX	EDX,WORD [4086]
   395 000001BD 0F BF 05 00000FF4               	MOVSX	EAX,WORD [4084]
   396 000001C4 0F AF C2                        	IMUL	EAX,EDX
   397 000001C7 50                              	PUSH	EAX
   398 000001C8 68 003C0000                     	PUSH	3932160
   399 000001CD E8 [00000000]                   	CALL	_memman_alloc_4k
   400 000001D2 6A FF                           	PUSH	-1
   401 000001D4 89 C3                           	MOV	EBX,EAX
   402 000001D6 0F BF 05 00000FF6               	MOVSX	EAX,WORD [4086]
   403 000001DD 50                              	PUSH	EAX
   404 000001DE 0F BF 05 00000FF4               	MOVSX	EAX,WORD [4084]
   405 000001E5 50                              	PUSH	EAX
   406 000001E6 53                              	PUSH	EBX
   407 000001E7 56                              	PUSH	ESI
   408 000001E8 E8 [00000000]                   	CALL	_sheet_setbuf
   409 000001ED 83 C4 20                        	ADD	ESP,32
   410 000001F0 0F BF 05 00000FF6               	MOVSX	EAX,WORD [4086]
   411 000001F7 50                              	PUSH	EAX
   412 000001F8 0F BF 05 00000FF4               	MOVSX	EAX,WORD [4084]
   413 000001FF 50                              	PUSH	EAX
   414 00000200 53                              	PUSH	EBX
   415 00000201 8D 9D FFFFFBF4                  	LEA	EBX,DWORD [-1036+EBP]
   416 00000207 E8 [00000000]                   	CALL	_init_screen8
   417 0000020C FF B5 FFFFFBD4                  	PUSH	DWORD [-1068+EBP]
   418 00000212 FF B5 FFFFFBF0                  	PUSH	DWORD [-1040+EBP]
   419 00000218 E8 00000960                     	CALL	_open_console
   420 0000021D FF B5 FFFFFBF0                  	PUSH	DWORD [-1040+EBP]
   421 00000223 89 C7                           	MOV	EDI,EAX
   422 00000225 E8 [00000000]                   	CALL	_sheet_alloc
   423 0000022A 6A 63                           	PUSH	99
   424 0000022C 6A 10                           	PUSH	16
   425 0000022E 89 85 FFFFFBD0                  	MOV	DWORD [-1072+EBP],EAX
   426 00000234 6A 10                           	PUSH	16
   427 00000236 53                              	PUSH	EBX
   428 00000237 50                              	PUSH	EAX
   429 00000238 E8 [00000000]                   	CALL	_sheet_setbuf
   430 0000023D 83 C4 2C                        	ADD	ESP,44
   431 00000240 6A 63                           	PUSH	99
   432 00000242 53                              	PUSH	EBX
   433 00000243 BB 00000002                     	MOV	EBX,2
   434 00000248 E8 [00000000]                   	CALL	_init_mouse_cursor8
   435 0000024D 0F BF 05 00000FF4               	MOVSX	EAX,WORD [4084]
   436 00000254 8D 48 F0                        	LEA	ECX,DWORD [-16+EAX]
   437 00000257 89 C8                           	MOV	EAX,ECX
   438 00000259 99                              	CDQ
   439 0000025A F7 FB                           	IDIV	EBX
   440 0000025C 89 85 FFFFFBEC                  	MOV	DWORD [-1044+EBP],EAX
   441 00000262 0F BF 05 00000FF6               	MOVSX	EAX,WORD [4086]
   442 00000269 6A 00                           	PUSH	0
   443 0000026B 8D 48 D4                        	LEA	ECX,DWORD [-44+EAX]
   444 0000026E 6A 00                           	PUSH	0
   445 00000270 89 C8                           	MOV	EAX,ECX
   446 00000272 56                              	PUSH	ESI
   447 00000273 99                              	CDQ
   448 00000274 F7 FB                           	IDIV	EBX
   449 00000276 89 85 FFFFFBE8                  	MOV	DWORD [-1048+EBP],EAX
   450 0000027C E8 [00000000]                   	CALL	_sheet_slide
   451 00000281 6A 04                           	PUSH	4
   452 00000283 6A 20                           	PUSH	32
   453 00000285 57                              	PUSH	EDI
   454 00000286 E8 [00000000]                   	CALL	_sheet_slide
   455 0000028B 83 C4 20                        	ADD	ESP,32
   456 0000028E FF B5 FFFFFBE8                  	PUSH	DWORD [-1048+EBP]
   457 00000294 FF B5 FFFFFBEC                  	PUSH	DWORD [-1044+EBP]
   458 0000029A FF B5 FFFFFBD0                  	PUSH	DWORD [-1072+EBP]
   459 000002A0 E8 [00000000]                   	CALL	_sheet_slide
   460 000002A5 6A 00                           	PUSH	0
   461 000002A7 56                              	PUSH	ESI
   462 000002A8 E8 [00000000]                   	CALL	_sheet_updown
   463 000002AD 6A 01                           	PUSH	1
   464 000002AF 57                              	PUSH	EDI
   465 000002B0 E8 [00000000]                   	CALL	_sheet_updown
   466 000002B5 6A 02                           	PUSH	2
   467 000002B7 FF B5 FFFFFBD0                  	PUSH	DWORD [-1072+EBP]
   468 000002BD E8 [00000000]                   	CALL	_sheet_updown
   469 000002C2 83 C4 24                        	ADD	ESP,36
   470 000002C5 57                              	PUSH	EDI
   471 000002C6 E8 000007DE                     	CALL	_keywin_on
   472 000002CB 8D 55 84                        	LEA	EDX,DWORD [-124+EBP]
   473 000002CE 68 000000ED                     	PUSH	237
   474 000002D3 52                              	PUSH	EDX
   475 000002D4 E8 [00000000]                   	CALL	_fifo32_put
   476 000002D9 8D 45 84                        	LEA	EAX,DWORD [-124+EBP]
   477 000002DC FF B5 FFFFFBC4                  	PUSH	DWORD [-1084+EBP]
   478 000002E2 50                              	PUSH	EAX
   479 000002E3 E8 [00000000]                   	CALL	_fifo32_put
   480 000002E8                                 L76:
   481 000002E8 83 C4 14                        	ADD	ESP,20
   482 000002EB                                 L2:
   483 000002EB 8D 5D 84                        	LEA	EBX,DWORD [-124+EBP]
   484 000002EE 53                              	PUSH	EBX
   485 000002EF E8 [00000000]                   	CALL	_fifo32_status
   486 000002F4 5A                              	POP	EDX
   487 000002F5 85 C0                           	TEST	EAX,EAX
   488 000002F7 7E 0D                           	JLE	L5
   489 000002F9 83 BD FFFFFBC0 00               	CMP	DWORD [-1088+EBP],0
   490 00000300 0F 88 0000074F                  	JS	L80
   491 00000306                                 L5:
   492 00000306 8D 5D A4                        	LEA	EBX,DWORD [-92+EBP]
   493 00000309 E8 [00000000]                   	CALL	_io_cli
   494 0000030E 53                              	PUSH	EBX
   495 0000030F E8 [00000000]                   	CALL	_fifo32_status
   496 00000314 5E                              	POP	ESI
   497 00000315 85 C0                           	TEST	EAX,EAX
   498 00000317 0F 84 000006D9                  	JE	L81
   499 0000031D 53                              	PUSH	EBX
   500 0000031E E8 [00000000]                   	CALL	_fifo32_get
   501 00000323 89 C6                           	MOV	ESI,EAX
   502 00000325 E8 [00000000]                   	CALL	_io_sti
   503 0000032A 5B                              	POP	EBX
   504 0000032B 85 FF                           	TEST	EDI,EDI
   505 0000032D 74 27                           	JE	L12
   506 0000032F 83 7F 1C 00                     	CMP	DWORD [28+EDI],0
   507 00000333 75 21                           	JNE	L12
   508 00000335 8B 95 FFFFFBF0                  	MOV	EDX,DWORD [-1040+EBP]
   509 0000033B 31 FF                           	XOR	EDI,EDI
   510 0000033D 8B 42 10                        	MOV	EAX,DWORD [16+EDX]
   511 00000340 83 F8 01                        	CMP	EAX,1
   512 00000343 74 11                           	JE	L12
   513 00000345 8B 95 FFFFFBF0                  	MOV	EDX,DWORD [-1040+EBP]
   514 0000034B 8B 7C 82 10                     	MOV	EDI,DWORD [16+EDX+EAX*4]
   515 0000034F 57                              	PUSH	EDI
   516 00000350 E8 00000754                     	CALL	_keywin_on
   517 00000355 59                              	POP	ECX
   518 00000356                                 L12:
   519 00000356 8D 86 FFFFFF00                  	LEA	EAX,DWORD [-256+ESI]
   520 0000035C 3D 000000FF                     	CMP	EAX,255
   521 00000361 0F 86 00000399                  	JBE	L82
   522 00000367 8D 86 FFFFFE00                  	LEA	EAX,DWORD [-512+ESI]
   523 0000036D 3D 000000FF                     	CMP	EAX,255
   524 00000372 0F 86 00000093                  	JBE	L83
   525 00000378 8D 86 FFFFFD00                  	LEA	EAX,DWORD [-768+ESI]
   526 0000037E 3D 000000FF                     	CMP	EAX,255
   527 00000383 76 6E                           	JBE	L84
   528 00000385 8D 86 FFFFFC00                  	LEA	EAX,DWORD [-1024+ESI]
   529 0000038B 3D 000003E7                     	CMP	EAX,999
   530 00000390 76 43                           	JBE	L85
   531 00000392 8D 86 FFFFF818                  	LEA	EAX,DWORD [-2024+ESI]
   532 00000398 3D 000000FF                     	CMP	EAX,255
   533 0000039D 0F 87 FFFFFF48                  	JA	L2
   534 000003A3 6B C6 28                        	IMUL	EAX,ESI,40
   535 000003A6 03 85 FFFFFBF0                  	ADD	EAX,DWORD [-1040+EBP]
   536 000003AC 68 0000A500                     	PUSH	42240
   537 000003B1 FF B0 FFFEC7D4                  	PUSH	DWORD [-79916+EAX]
   538 000003B7 68 003C0000                     	PUSH	3932160
   539 000003BC 8D 98 FFFEC7D4                  	LEA	EBX,DWORD [-79916+EAX]
   540 000003C2 E8 [00000000]                   	CALL	_memman_free_4k
   541 000003C7 53                              	PUSH	EBX
   542 000003C8 E8 [00000000]                   	CALL	_sheet_free
   543 000003CD 83 C4 10                        	ADD	ESP,16
   544 000003D0 E9 FFFFFF16                     	JMP	L2
   545 000003D5                                 L85:
   546 000003D5 69 F6 000000B0                  	IMUL	ESI,ESI,176
   547 000003DB 03 35 [00000000]                	ADD	ESI,DWORD [_taskctl]
   548 000003E1 8D 86 FFFD4FF8                  	LEA	EAX,DWORD [-176136+ESI]
   549 000003E7 50                              	PUSH	EAX
   550 000003E8 E8 00000812                     	CALL	_close_constask
   551 000003ED                                 L74:
   552 000003ED 58                              	POP	EAX
   553 000003EE E9 FFFFFEF8                     	JMP	L2
   554 000003F3                                 L84:
   555 000003F3 6B C6 28                        	IMUL	EAX,ESI,40
   556 000003F6 8B 95 FFFFFBF0                  	MOV	EDX,DWORD [-1040+EBP]
   557 000003FC 8D 84 10 FFFF8C14               	LEA	EAX,DWORD [-29676+EAX+EDX*1]
   558 00000403 50                              	PUSH	EAX
   559 00000404 E8 00000836                     	CALL	_close_console
   560 00000409 EB E2                           	JMP	L74
   561 0000040B                                 L83:
   562 0000040B 89 F2                           	MOV	EDX,ESI
   563 0000040D 0F B6 C2                        	MOVZX	EAX,DL
   564 00000410 50                              	PUSH	EAX
   565 00000411 8D 85 FFFFFCF4                  	LEA	EAX,DWORD [-780+EBP]
   566 00000417 50                              	PUSH	EAX
   567 00000418 E8 [00000000]                   	CALL	_mouse_decode
   568 0000041D 59                              	POP	ECX
   569 0000041E 5B                              	POP	EBX
   570 0000041F 85 C0                           	TEST	EAX,EAX
   571 00000421 0F 84 FFFFFEC4                  	JE	L2
   572 00000427 8B 85 FFFFFCFC                  	MOV	EAX,DWORD [-772+EBP]
   573 0000042D 8B 95 FFFFFCF8                  	MOV	EDX,DWORD [-776+EBP]
   574 00000433 01 85 FFFFFBE8                  	ADD	DWORD [-1048+EBP],EAX
   575 00000439 01 95 FFFFFBEC                  	ADD	DWORD [-1044+EBP],EDX
   576 0000043F 0F 88 000002AC                  	JS	L86
   577 00000445                                 L44:
   578 00000445 83 BD FFFFFBE8 00               	CMP	DWORD [-1048+EBP],0
   579 0000044C 0F 88 00000290                  	JS	L87
   580 00000452                                 L45:
   581 00000452 0F BF 05 00000FF4               	MOVSX	EAX,WORD [4084]
   582 00000459 48                              	DEC	EAX
   583 0000045A 39 85 FFFFFBEC                  	CMP	DWORD [-1044+EBP],EAX
   584 00000460 7E 06                           	JLE	L46
   585 00000462 89 85 FFFFFBEC                  	MOV	DWORD [-1044+EBP],EAX
   586 00000468                                 L46:
   587 00000468 0F BF 05 00000FF6               	MOVSX	EAX,WORD [4086]
   588 0000046F 48                              	DEC	EAX
   589 00000470 39 85 FFFFFBE8                  	CMP	DWORD [-1048+EBP],EAX
   590 00000476 7E 06                           	JLE	L47
   591 00000478 89 85 FFFFFBE8                  	MOV	DWORD [-1048+EBP],EAX
   592 0000047E                                 L47:
   593 0000047E 8B 85 FFFFFBEC                  	MOV	EAX,DWORD [-1044+EBP]
   594 00000484 8B 95 FFFFFBE8                  	MOV	EDX,DWORD [-1048+EBP]
   595 0000048A 89 85 FFFFFBE4                  	MOV	DWORD [-1052+EBP],EAX
   596 00000490 89 95 FFFFFBE0                  	MOV	DWORD [-1056+EBP],EDX
   597 00000496 F7 85 FFFFFD00 00000001         	TEST	DWORD [-768+EBP],1
   598 000004A0 75 43                           	JNE	L88
   599 000004A2 C7 85 FFFFFBBC FFFFFFFF         	MOV	DWORD [-1092+EBP],-1
   600 000004AC 81 BD FFFFFBDC 7FFFFFFF         	CMP	DWORD [-1060+EBP],2147483647
   601 000004B6 0F 84 FFFFFE2F                  	JE	L2
   602 000004BC                                 L75:
   603 000004BC FF B5 FFFFFBD8                  	PUSH	DWORD [-1064+EBP]
   604 000004C2 FF B5 FFFFFBDC                  	PUSH	DWORD [-1060+EBP]
   605 000004C8 FF B5 FFFFFBB0                  	PUSH	DWORD [-1104+EBP]
   606 000004CE E8 [00000000]                   	CALL	_sheet_slide
   607 000004D3 C7 85 FFFFFBDC 7FFFFFFF         	MOV	DWORD [-1060+EBP],2147483647
   608 000004DD                                 L77:
   609 000004DD 83 C4 0C                        	ADD	ESP,12
   610 000004E0 E9 FFFFFE06                     	JMP	L2
   611 000004E5                                 L88:
   612 000004E5 83 BD FFFFFBBC 00               	CMP	DWORD [-1092+EBP],0
   613 000004EC 78 46                           	JS	L89
   614 000004EE 8B 9D FFFFFBEC                  	MOV	EBX,DWORD [-1044+EBP]
   615 000004F4 8B 85 FFFFFBB4                  	MOV	EAX,DWORD [-1100+EBP]
   616 000004FA 2B 9D FFFFFBBC                  	SUB	EBX,DWORD [-1092+EBP]
   617 00000500 8B B5 FFFFFBE8                  	MOV	ESI,DWORD [-1048+EBP]
   618 00000506 2B B5 FFFFFBB8                  	SUB	ESI,DWORD [-1096+EBP]
   619 0000050C 8B 95 FFFFFBE8                  	MOV	EDX,DWORD [-1048+EBP]
   620 00000512 8D 5C 03 02                     	LEA	EBX,DWORD [2+EBX+EAX*1]
   621 00000516 89 95 FFFFFBB8                  	MOV	DWORD [-1096+EBP],EDX
   622 0000051C 89 9D FFFFFBDC                  	MOV	DWORD [-1060+EBP],EBX
   623 00000522 01 B5 FFFFFBD8                  	ADD	DWORD [-1064+EBP],ESI
   624 00000528 83 A5 FFFFFBDC FC               	AND	DWORD [-1060+EBP],-4
   625 0000052F E9 FFFFFDB7                     	JMP	L2
   626 00000534                                 L89:
   627 00000534 8B 85 FFFFFBF0                  	MOV	EAX,DWORD [-1040+EBP]
   628 0000053A 8B 40 10                        	MOV	EAX,DWORD [16+EAX]
   629 0000053D 89 85 FFFFFBA8                  	MOV	DWORD [-1112+EBP],EAX
   630 00000543 89 C1                           	MOV	ECX,EAX
   631 00000545                                 L79:
   632 00000545 49                              	DEC	ECX
   633 00000546 85 C9                           	TEST	ECX,ECX
   634 00000548 0F 8E FFFFFD9D                  	JLE	L2
   635 0000054E 8B 95 FFFFFBF0                  	MOV	EDX,DWORD [-1040+EBP]
   636 00000554 8B B5 FFFFFBE8                  	MOV	ESI,DWORD [-1048+EBP]
   637 0000055A 8B 9D FFFFFBEC                  	MOV	EBX,DWORD [-1044+EBP]
   638 00000560 8B 54 8A 14                     	MOV	EDX,DWORD [20+EDX+ECX*4]
   639 00000564 89 95 FFFFFBB0                  	MOV	DWORD [-1104+EBP],EDX
   640 0000056A 2B 72 10                        	SUB	ESI,DWORD [16+EDX]
   641 0000056D 2B 5A 0C                        	SUB	EBX,DWORD [12+EDX]
   642 00000570 78 D3                           	JS	L79
   643 00000572 8B 42 04                        	MOV	EAX,DWORD [4+EDX]
   644 00000575 39 C3                           	CMP	EBX,EAX
   645 00000577 7D CC                           	JGE	L79
   646 00000579 85 F6                           	TEST	ESI,ESI
   647 0000057B 78 C8                           	JS	L79
   648 0000057D 3B 72 08                        	CMP	ESI,DWORD [8+EDX]
   649 00000580 7D C3                           	JGE	L79
   650 00000582 0F AF C6                        	IMUL	EAX,ESI
   651 00000585 89 85 FFFFFBA4                  	MOV	DWORD [-1116+EBP],EAX
   652 0000058B 8B 12                           	MOV	EDX,DWORD [EDX]
   653 0000058D 8B 85 FFFFFBA4                  	MOV	EAX,DWORD [-1116+EBP]
   654 00000593 01 D8                           	ADD	EAX,EBX
   655 00000595 0F B6 04 10                     	MOVZX	EAX,BYTE [EAX+EDX*1]
   656 00000599 8B 95 FFFFFBB0                  	MOV	EDX,DWORD [-1104+EBP]
   657 0000059F 3B 42 14                        	CMP	EAX,DWORD [20+EDX]
   658 000005A2 74 A1                           	JE	L79
   659 000005A4 8B 85 FFFFFBA8                  	MOV	EAX,DWORD [-1112+EBP]
   660 000005AA 48                              	DEC	EAX
   661 000005AB 50                              	PUSH	EAX
   662 000005AC 52                              	PUSH	EDX
   663 000005AD E8 [00000000]                   	CALL	_sheet_updown
   664 000005B2 39 BD FFFFFBB0                  	CMP	DWORD [-1104+EBP],EDI
   665 000005B8 58                              	POP	EAX
   666 000005B9 5A                              	POP	EDX
   667 000005BA 74 14                           	JE	L56
   668 000005BC 57                              	PUSH	EDI
   669 000005BD E8 000004B9                     	CALL	_keywin_off
   670 000005C2 8B BD FFFFFBB0                  	MOV	EDI,DWORD [-1104+EBP]
   671 000005C8 57                              	PUSH	EDI
   672 000005C9 E8 000004DB                     	CALL	_keywin_on
   673 000005CE 5A                              	POP	EDX
   674 000005CF 59                              	POP	ECX
   675 000005D0                                 L56:
   676 000005D0 83 FB 02                        	CMP	EBX,2
   677 000005D3 7E 50                           	JLE	L57
   678 000005D5 8B 95 FFFFFBB0                  	MOV	EDX,DWORD [-1104+EBP]
   679 000005DB 8B 42 04                        	MOV	EAX,DWORD [4+EDX]
   680 000005DE 83 E8 03                        	SUB	EAX,3
   681 000005E1 39 C3                           	CMP	EBX,EAX
   682 000005E3 7D 40                           	JGE	L57
   683 000005E5 83 FE 02                        	CMP	ESI,2
   684 000005E8 7E 3B                           	JLE	L57
   685 000005EA 83 FE 14                        	CMP	ESI,20
   686 000005ED 7F 36                           	JG	L57
   687 000005EF 8B 85 FFFFFBEC                  	MOV	EAX,DWORD [-1044+EBP]
   688 000005F5 8B 95 FFFFFBE8                  	MOV	EDX,DWORD [-1048+EBP]
   689 000005FB 89 85 FFFFFBBC                  	MOV	DWORD [-1092+EBP],EAX
   690 00000601 89 95 FFFFFBB8                  	MOV	DWORD [-1096+EBP],EDX
   691 00000607 8B 85 FFFFFBB0                  	MOV	EAX,DWORD [-1104+EBP]
   692 0000060D 8B 95 FFFFFBB0                  	MOV	EDX,DWORD [-1104+EBP]
   693 00000613 8B 40 0C                        	MOV	EAX,DWORD [12+EAX]
   694 00000616 8B 52 10                        	MOV	EDX,DWORD [16+EDX]
   695 00000619 89 85 FFFFFBB4                  	MOV	DWORD [-1100+EBP],EAX
   696 0000061F 89 95 FFFFFBD8                  	MOV	DWORD [-1064+EBP],EDX
   697 00000625                                 L57:
   698 00000625 8B 85 FFFFFBB0                  	MOV	EAX,DWORD [-1104+EBP]
   699 0000062B 8B 50 04                        	MOV	EDX,DWORD [4+EAX]
   700 0000062E 8D 42 EB                        	LEA	EAX,DWORD [-21+EDX]
   701 00000631 39 D8                           	CMP	EAX,EBX
   702 00000633 0F 8F FFFFFCB2                  	JG	L2
   703 00000639 8D 42 FB                        	LEA	EAX,DWORD [-5+EDX]
   704 0000063C 39 C3                           	CMP	EBX,EAX
   705 0000063E 0F 8D FFFFFCA7                  	JGE	L2
   706 00000644 83 FE 04                        	CMP	ESI,4
   707 00000647 0F 8E FFFFFC9E                  	JLE	L2
   708 0000064D 83 FE 12                        	CMP	ESI,18
   709 00000650 0F 8F FFFFFC95                  	JG	L2
   710 00000656 8B 95 FFFFFBB0                  	MOV	EDX,DWORD [-1104+EBP]
   711 0000065C F6 42 1C 10                     	TEST	BYTE [28+EDX],16
   712 00000660 74 3F                           	JE	L90
   713 00000662 8B 95 FFFFFBB0                  	MOV	EDX,DWORD [-1104+EBP]
   714 00000668 8B 5A 24                        	MOV	EBX,DWORD [36+EDX]
   715 0000066B 68 [00000100]                   	PUSH	LC1
   716 00000670 FF B3 000000A4                  	PUSH	DWORD [164+EBX]
   717 00000676 E8 [00000000]                   	CALL	_cons_putstr0
   718 0000067B E8 [00000000]                   	CALL	_io_cli
   719 00000680 8D 43 30                        	LEA	EAX,DWORD [48+EBX]
   720 00000683 89 43 54                        	MOV	DWORD [84+EBX],EAX
   721 00000686 C7 43 4C [00000000]             	MOV	DWORD [76+EBX],_asm_end_app
   722 0000068D E8 [00000000]                   	CALL	_io_sti
   723 00000692 6A 00                           	PUSH	0
   724 00000694 6A FF                           	PUSH	-1
   725 00000696 53                              	PUSH	EBX
   726 00000697 E8 [00000000]                   	CALL	_task_run
   727 0000069C E9 FFFFFC47                     	JMP	L76
   728 000006A1                                 L90:
   729 000006A1 8B 5A 24                        	MOV	EBX,DWORD [36+EDX]
   730 000006A4 6A FF                           	PUSH	-1
   731 000006A6 52                              	PUSH	EDX
   732 000006A7 E8 [00000000]                   	CALL	_sheet_updown
   733 000006AC 57                              	PUSH	EDI
   734 000006AD E8 000003C9                     	CALL	_keywin_off
   735 000006B2 8B 95 FFFFFBF0                  	MOV	EDX,DWORD [-1040+EBP]
   736 000006B8 8B 42 10                        	MOV	EAX,DWORD [16+EDX]
   737 000006BB 8B 7C 82 10                     	MOV	EDI,DWORD [16+EDX+EAX*4]
   738 000006BF 57                              	PUSH	EDI
   739 000006C0 E8 000003E4                     	CALL	_keywin_on
   740 000006C5 E8 [00000000]                   	CALL	_io_cli
   741 000006CA 8D 43 10                        	LEA	EAX,DWORD [16+EBX]
   742 000006CD 6A 04                           	PUSH	4
   743 000006CF 50                              	PUSH	EAX
   744 000006D0 E8 [00000000]                   	CALL	_fifo32_put
   745 000006D5 E8 [00000000]                   	CALL	_io_sti
   746 000006DA 83 C4 18                        	ADD	ESP,24
   747 000006DD E9 FFFFFC09                     	JMP	L2
   748 000006E2                                 L87:
   749 000006E2 C7 85 FFFFFBE8 00000000         	MOV	DWORD [-1048+EBP],0
   750 000006EC E9 FFFFFD61                     	JMP	L45
   751 000006F1                                 L86:
   752 000006F1 C7 85 FFFFFBEC 00000000         	MOV	DWORD [-1044+EBP],0
   753 000006FB E9 FFFFFD45                     	JMP	L44
   754 00000700                                 L82:
   755 00000700 81 FE 0000017F                  	CMP	ESI,383
   756 00000706 0F 8F 000002E1                  	JG	L16
   757 0000070C 83 BD FFFFFBC8 00               	CMP	DWORD [-1080+EBP],0
   758 00000713 0F 85 000002C9                  	JNE	L17
   759 00000719 8A 86 [FFFFFF00]                	MOV	AL,BYTE [_keytable0.0-256+ESI]
   760 0000071F                                 L78:
   761 0000071F 88 45 C4                        	MOV	BYTE [-60+EBP],AL
   762 00000722                                 L19:
   763 00000722 8A 55 C4                        	MOV	DL,BYTE [-60+EBP]
   764 00000725 8D 42 BF                        	LEA	EAX,DWORD [-65+EDX]
   765 00000728 3C 19                           	CMP	AL,25
   766 0000072A 77 1D                           	JA	L20
   767 0000072C F7 85 FFFFFBC4 00000004         	TEST	DWORD [-1084+EBP],4
   768 00000736 0F 85 00000297                  	JNE	L72
   769 0000073C 83 BD FFFFFBC8 00               	CMP	DWORD [-1080+EBP],0
   770 00000743 0F 84 0000027F                  	JE	L22
   771 00000749                                 L20:
   772 00000749 8A 45 C4                        	MOV	AL,BYTE [-60+EBP]
   773 0000074C 84 C0                           	TEST	AL,AL
   774 0000074E 74 1B                           	JE	L24
   775 00000750 85 FF                           	TEST	EDI,EDI
   776 00000752 74 17                           	JE	L24
   777 00000754 0F BE C0                        	MOVSX	EAX,AL
   778 00000757 05 00000100                     	ADD	EAX,256
   779 0000075C 50                              	PUSH	EAX
   780 0000075D 8B 47 24                        	MOV	EAX,DWORD [36+EDI]
   781 00000760 83 C0 10                        	ADD	EAX,16
   782 00000763 50                              	PUSH	EAX
   783 00000764 E8 [00000000]                   	CALL	_fifo32_put
   784 00000769 58                              	POP	EAX
   785 0000076A 5A                              	POP	EDX
   786 0000076B                                 L24:
   787 0000076B 81 FE 0000010F                  	CMP	ESI,271
   788 00000771 0F 84 0000021C                  	JE	L91
   789 00000777                                 L25:
   790 00000777 81 FE 0000012A                  	CMP	ESI,298
   791 0000077D 0F 84 00000204                  	JE	L92
   792 00000783                                 L27:
   793 00000783 81 FE 00000136                  	CMP	ESI,310
   794 00000789 0F 84 000001EC                  	JE	L93
   795 0000078F                                 L28:
   796 0000078F 81 FE 000001AA                  	CMP	ESI,426
   797 00000795 0F 84 000001D4                  	JE	L94
   798 0000079B                                 L29:
   799 0000079B 81 FE 000001B6                  	CMP	ESI,438
   800 000007A1 0F 84 000001BC                  	JE	L95
   801 000007A7                                 L30:
   802 000007A7 81 FE 0000013A                  	CMP	ESI,314
   803 000007AD 0F 84 00000187                  	JE	L96
   804 000007B3                                 L31:
   805 000007B3 81 FE 00000145                  	CMP	ESI,325
   806 000007B9 0F 84 00000152                  	JE	L97
   807 000007BF                                 L32:
   808 000007BF 81 FE 00000146                  	CMP	ESI,326
   809 000007C5 0F 84 0000011D                  	JE	L98
   810 000007CB                                 L33:
   811 000007CB 81 FE 0000013B                  	CMP	ESI,315
   812 000007D1 0F 84 000000AE                  	JE	L99
   813 000007D7                                 L34:
   814 000007D7 81 FE 0000013C                  	CMP	ESI,316
   815 000007DD 74 58                           	JE	L100
   816 000007DF                                 L36:
   817 000007DF 81 FE 00000157                  	CMP	ESI,343
   818 000007E5 74 39                           	JE	L101
   819 000007E7                                 L38:
   820 000007E7 81 FE 000001FA                  	CMP	ESI,506
   821 000007ED 74 25                           	JE	L102
   822 000007EF                                 L39:
   823 000007EF 81 FE 000001FE                  	CMP	ESI,510
   824 000007F5 0F 85 FFFFFAF0                  	JNE	L2
   825 000007FB E8 [00000000]                   	CALL	_wait_KBC_sendready
   826 00000800 FF B5 FFFFFBC0                  	PUSH	DWORD [-1088+EBP]
   827 00000806 6A 60                           	PUSH	96
   828 00000808 E8 [00000000]                   	CALL	_io_out8
   829 0000080D 5E                              	POP	ESI
   830 0000080E 58                              	POP	EAX
   831 0000080F E9 FFFFFAD7                     	JMP	L2
   832 00000814                                 L102:
   833 00000814 C7 85 FFFFFBC0 FFFFFFFF         	MOV	DWORD [-1088+EBP],-1
   834 0000081E EB CF                           	JMP	L39
   835 00000820                                 L101:
   836 00000820 8B 95 FFFFFBF0                  	MOV	EDX,DWORD [-1040+EBP]
   837 00000826 8B 42 10                        	MOV	EAX,DWORD [16+EDX]
   838 00000829 48                              	DEC	EAX
   839 0000082A 50                              	PUSH	EAX
   840 0000082B FF 72 18                        	PUSH	DWORD [24+EDX]
   841 0000082E E8 [00000000]                   	CALL	_sheet_updown
   842 00000833 58                              	POP	EAX
   843 00000834 5A                              	POP	EDX
   844 00000835 EB B0                           	JMP	L38
   845 00000837                                 L100:
   846 00000837 83 BD FFFFFBC8 00               	CMP	DWORD [-1080+EBP],0
   847 0000083E 74 9F                           	JE	L36
   848 00000840 85 FF                           	TEST	EDI,EDI
   849 00000842 74 07                           	JE	L37
   850 00000844 57                              	PUSH	EDI
   851 00000845 E8 00000231                     	CALL	_keywin_off
   852 0000084A 59                              	POP	ECX
   853 0000084B                                 L37:
   854 0000084B FF B5 FFFFFBD4                  	PUSH	DWORD [-1068+EBP]
   855 00000851 FF B5 FFFFFBF0                  	PUSH	DWORD [-1040+EBP]
   856 00000857 E8 00000321                     	CALL	_open_console
   857 0000085C 6A 04                           	PUSH	4
   858 0000085E 6A 20                           	PUSH	32
   859 00000860 89 C7                           	MOV	EDI,EAX
   860 00000862 50                              	PUSH	EAX
   861 00000863 E8 [00000000]                   	CALL	_sheet_slide
   862 00000868 8B 85 FFFFFBF0                  	MOV	EAX,DWORD [-1040+EBP]
   863 0000086E FF 70 10                        	PUSH	DWORD [16+EAX]
   864 00000871 57                              	PUSH	EDI
   865 00000872 E8 [00000000]                   	CALL	_sheet_updown
   866 00000877 57                              	PUSH	EDI
   867 00000878 E8 0000022C                     	CALL	_keywin_on
   868 0000087D 83 C4 20                        	ADD	ESP,32
   869 00000880 E9 FFFFFF5A                     	JMP	L36
   870 00000885                                 L99:
   871 00000885 83 BD FFFFFBC8 00               	CMP	DWORD [-1080+EBP],0
   872 0000088C 0F 84 FFFFFF45                  	JE	L34
   873 00000892 85 FF                           	TEST	EDI,EDI
   874 00000894 0F 84 FFFFFF3D                  	JE	L34
   875 0000089A 8B 5F 24                        	MOV	EBX,DWORD [36+EDI]
   876 0000089D 85 DB                           	TEST	EBX,EBX
   877 0000089F 0F 84 FFFFFF32                  	JE	L34
   878 000008A5 83 7B 34 00                     	CMP	DWORD [52+EBX],0
   879 000008A9 0F 84 FFFFFF28                  	JE	L34
   880 000008AF 68 [00000111]                   	PUSH	LC0
   881 000008B4 FF B3 000000A4                  	PUSH	DWORD [164+EBX]
   882 000008BA E8 [00000000]                   	CALL	_cons_putstr0
   883 000008BF E8 [00000000]                   	CALL	_io_cli
   884 000008C4 8D 43 30                        	LEA	EAX,DWORD [48+EBX]
   885 000008C7 89 43 54                        	MOV	DWORD [84+EBX],EAX
   886 000008CA C7 43 4C [00000000]             	MOV	DWORD [76+EBX],_asm_end_app
   887 000008D1 E8 [00000000]                   	CALL	_io_sti
   888 000008D6 6A 00                           	PUSH	0
   889 000008D8 6A FF                           	PUSH	-1
   890 000008DA 53                              	PUSH	EBX
   891 000008DB E8 [00000000]                   	CALL	_task_run
   892 000008E0 83 C4 14                        	ADD	ESP,20
   893 000008E3 E9 FFFFFEEF                     	JMP	L34
   894 000008E8                                 L98:
   895 000008E8 68 000000ED                     	PUSH	237
   896 000008ED 8D 5D 84                        	LEA	EBX,DWORD [-124+EBP]
   897 000008F0 53                              	PUSH	EBX
   898 000008F1 83 B5 FFFFFBC4 01               	XOR	DWORD [-1084+EBP],1
   899 000008F8 E8 [00000000]                   	CALL	_fifo32_put
   900 000008FD FF B5 FFFFFBC4                  	PUSH	DWORD [-1084+EBP]
   901 00000903 53                              	PUSH	EBX
   902 00000904 E8 [00000000]                   	CALL	_fifo32_put
   903 00000909 83 C4 10                        	ADD	ESP,16
   904 0000090C E9 FFFFFEBA                     	JMP	L33
   905 00000911                                 L97:
   906 00000911 68 000000ED                     	PUSH	237
   907 00000916 8D 5D 84                        	LEA	EBX,DWORD [-124+EBP]
   908 00000919 53                              	PUSH	EBX
   909 0000091A 83 B5 FFFFFBC4 02               	XOR	DWORD [-1084+EBP],2
   910 00000921 E8 [00000000]                   	CALL	_fifo32_put
   911 00000926 FF B5 FFFFFBC4                  	PUSH	DWORD [-1084+EBP]
   912 0000092C 53                              	PUSH	EBX
   913 0000092D E8 [00000000]                   	CALL	_fifo32_put
   914 00000932 83 C4 10                        	ADD	ESP,16
   915 00000935 E9 FFFFFE85                     	JMP	L32
   916 0000093A                                 L96:
   917 0000093A 68 000000ED                     	PUSH	237
   918 0000093F 8D 5D 84                        	LEA	EBX,DWORD [-124+EBP]
   919 00000942 53                              	PUSH	EBX
   920 00000943 83 B5 FFFFFBC4 04               	XOR	DWORD [-1084+EBP],4
   921 0000094A E8 [00000000]                   	CALL	_fifo32_put
   922 0000094F FF B5 FFFFFBC4                  	PUSH	DWORD [-1084+EBP]
   923 00000955 53                              	PUSH	EBX
   924 00000956 E8 [00000000]                   	CALL	_fifo32_put
   925 0000095B 83 C4 10                        	ADD	ESP,16
   926 0000095E E9 FFFFFE50                     	JMP	L31
   927 00000963                                 L95:
   928 00000963 83 A5 FFFFFBC8 FD               	AND	DWORD [-1080+EBP],-3
   929 0000096A E9 FFFFFE38                     	JMP	L30
   930 0000096F                                 L94:
   931 0000096F 83 A5 FFFFFBC8 FE               	AND	DWORD [-1080+EBP],-2
   932 00000976 E9 FFFFFE20                     	JMP	L29
   933 0000097B                                 L93:
   934 0000097B 83 8D FFFFFBC8 02               	OR	DWORD [-1080+EBP],2
   935 00000982 E9 FFFFFE08                     	JMP	L28
   936 00000987                                 L92:
   937 00000987 83 8D FFFFFBC8 01               	OR	DWORD [-1080+EBP],1
   938 0000098E E9 FFFFFDF0                     	JMP	L27
   939 00000993                                 L91:
   940 00000993 85 FF                           	TEST	EDI,EDI
   941 00000995 0F 84 FFFFFDDC                  	JE	L25
   942 0000099B 57                              	PUSH	EDI
   943 0000099C E8 000000DA                     	CALL	_keywin_off
   944 000009A1 8B 4F 18                        	MOV	ECX,DWORD [24+EDI]
   945 000009A4 49                              	DEC	ECX
   946 000009A5 58                              	POP	EAX
   947 000009A6 75 0A                           	JNE	L26
   948 000009A8 8B 85 FFFFFBF0                  	MOV	EAX,DWORD [-1040+EBP]
   949 000009AE 8B 48 10                        	MOV	ECX,DWORD [16+EAX]
   950 000009B1 49                              	DEC	ECX
   951 000009B2                                 L26:
   952 000009B2 8B 95 FFFFFBF0                  	MOV	EDX,DWORD [-1040+EBP]
   953 000009B8 8B 7C 8A 14                     	MOV	EDI,DWORD [20+EDX+ECX*4]
   954 000009BC 57                              	PUSH	EDI
   955 000009BD E8 000000E7                     	CALL	_keywin_on
   956 000009C2 5B                              	POP	EBX
   957 000009C3 E9 FFFFFDAF                     	JMP	L25
   958 000009C8                                 L22:
   959 000009C8 8D 42 20                        	LEA	EAX,DWORD [32+EDX]
   960 000009CB 88 45 C4                        	MOV	BYTE [-60+EBP],AL
   961 000009CE E9 FFFFFD76                     	JMP	L20
   962 000009D3                                 L72:
   963 000009D3 83 BD FFFFFBC8 00               	CMP	DWORD [-1080+EBP],0
   964 000009DA 0F 84 FFFFFD69                  	JE	L20
   965 000009E0 EB E6                           	JMP	L22
   966 000009E2                                 L17:
   967 000009E2 8A 86 [FFFFFF80]                	MOV	AL,BYTE [_keytable1.1-256+ESI]
   968 000009E8 E9 FFFFFD32                     	JMP	L78
   969 000009ED                                 L16:
   970 000009ED C6 45 C4 00                     	MOV	BYTE [-60+EBP],0
   971 000009F1 E9 FFFFFD2C                     	JMP	L19
   972 000009F6                                 L81:
   973 000009F6 83 BD FFFFFBE4 00               	CMP	DWORD [-1052+EBP],0
   974 000009FD 79 2B                           	JNS	L103
   975 000009FF 81 BD FFFFFBDC 7FFFFFFF         	CMP	DWORD [-1060+EBP],2147483647
   976 00000A09 75 15                           	JNE	L104
   977 00000A0B FF B5 FFFFFBCC                  	PUSH	DWORD [-1076+EBP]
   978 00000A11 E8 [00000000]                   	CALL	_task_sleep
   979 00000A16 E8 [00000000]                   	CALL	_io_sti
   980 00000A1B E9 FFFFF9CD                     	JMP	L74
   981 00000A20                                 L104:
   982 00000A20 E8 [00000000]                   	CALL	_io_sti
   983 00000A25 E9 FFFFFA92                     	JMP	L75
   984 00000A2A                                 L103:
   985 00000A2A E8 [00000000]                   	CALL	_io_sti
   986 00000A2F FF B5 FFFFFBE0                  	PUSH	DWORD [-1056+EBP]
   987 00000A35 FF B5 FFFFFBE4                  	PUSH	DWORD [-1052+EBP]
   988 00000A3B FF B5 FFFFFBD0                  	PUSH	DWORD [-1072+EBP]
   989 00000A41 E8 [00000000]                   	CALL	_sheet_slide
   990 00000A46 C7 85 FFFFFBE4 FFFFFFFF         	MOV	DWORD [-1052+EBP],-1
   991 00000A50 E9 FFFFFA88                     	JMP	L77
   992 00000A55                                 L80:
   993 00000A55 53                              	PUSH	EBX
   994 00000A56 E8 [00000000]                   	CALL	_fifo32_get
   995 00000A5B 89 85 FFFFFBC0                  	MOV	DWORD [-1088+EBP],EAX
   996 00000A61 E8 [00000000]                   	CALL	_wait_KBC_sendready
   997 00000A66 FF B5 FFFFFBC0                  	PUSH	DWORD [-1088+EBP]
   998 00000A6C 6A 60                           	PUSH	96
   999 00000A6E E8 [00000000]                   	CALL	_io_out8
  1000 00000A73 83 C4 0C                        	ADD	ESP,12
  1001 00000A76 E9 FFFFF88B                     	JMP	L5
  1002 00000A7B                                 	GLOBAL	_keywin_off
  1003 00000A7B                                 _keywin_off:
  1004 00000A7B 55                              	PUSH	EBP
  1005 00000A7C 89 E5                           	MOV	EBP,ESP
  1006 00000A7E 53                              	PUSH	EBX
  1007 00000A7F 6A 00                           	PUSH	0
  1008 00000A81 8B 5D 08                        	MOV	EBX,DWORD [8+EBP]
  1009 00000A84 53                              	PUSH	EBX
  1010 00000A85 E8 [00000000]                   	CALL	_change_wtitle8
  1011 00000A8A F6 43 1C 20                     	TEST	BYTE [28+EBX],32
  1012 00000A8E 58                              	POP	EAX
  1013 00000A8F 5A                              	POP	EDX
  1014 00000A90 75 05                           	JNE	L107
  1015 00000A92                                 L105:
  1016 00000A92 8B 5D FC                        	MOV	EBX,DWORD [-4+EBP]
  1017 00000A95 C9                              	LEAVE
  1018 00000A96 C3                              	RET
  1019 00000A97                                 L107:
  1020 00000A97 6A 03                           	PUSH	3
  1021 00000A99 8B 43 24                        	MOV	EAX,DWORD [36+EBX]
  1022 00000A9C 83 C0 10                        	ADD	EAX,16
  1023 00000A9F 50                              	PUSH	EAX
  1024 00000AA0 E8 [00000000]                   	CALL	_fifo32_put
  1025 00000AA5 59                              	POP	ECX
  1026 00000AA6 5B                              	POP	EBX
  1027 00000AA7 EB E9                           	JMP	L105
  1028 00000AA9                                 	GLOBAL	_keywin_on
  1029 00000AA9                                 _keywin_on:
  1030 00000AA9 55                              	PUSH	EBP
  1031 00000AAA 89 E5                           	MOV	EBP,ESP
  1032 00000AAC 53                              	PUSH	EBX
  1033 00000AAD 6A 01                           	PUSH	1
  1034 00000AAF 8B 5D 08                        	MOV	EBX,DWORD [8+EBP]
  1035 00000AB2 53                              	PUSH	EBX
  1036 00000AB3 E8 [00000000]                   	CALL	_change_wtitle8
  1037 00000AB8 F6 43 1C 20                     	TEST	BYTE [28+EBX],32
  1038 00000ABC 58                              	POP	EAX
  1039 00000ABD 5A                              	POP	EDX
  1040 00000ABE 75 05                           	JNE	L110
  1041 00000AC0                                 L108:
  1042 00000AC0 8B 5D FC                        	MOV	EBX,DWORD [-4+EBP]
  1043 00000AC3 C9                              	LEAVE
  1044 00000AC4 C3                              	RET
  1045 00000AC5                                 L110:
  1046 00000AC5 6A 02                           	PUSH	2
  1047 00000AC7 8B 43 24                        	MOV	EAX,DWORD [36+EBX]
  1048 00000ACA 83 C0 10                        	ADD	EAX,16
  1049 00000ACD 50                              	PUSH	EAX
  1050 00000ACE E8 [00000000]                   	CALL	_fifo32_put
  1051 00000AD3 59                              	POP	ECX
  1052 00000AD4 5B                              	POP	EBX
  1053 00000AD5 EB E9                           	JMP	L108
  1054 00000AD7                                 	GLOBAL	_open_constask
  1055 00000AD7                                 _open_constask:
  1056 00000AD7 55                              	PUSH	EBP
  1057 00000AD8 89 E5                           	MOV	EBP,ESP
  1058 00000ADA 56                              	PUSH	ESI
  1059 00000ADB 53                              	PUSH	EBX
  1060 00000ADC E8 [00000000]                   	CALL	_task_alloc
  1061 00000AE1 68 00000200                     	PUSH	512
  1062 00000AE6 68 003C0000                     	PUSH	3932160
  1063 00000AEB 89 C3                           	MOV	EBX,EAX
  1064 00000AED E8 [00000000]                   	CALL	_memman_alloc_4k
  1065 00000AF2 68 00010000                     	PUSH	65536
  1066 00000AF7 68 003C0000                     	PUSH	3932160
  1067 00000AFC 89 C6                           	MOV	ESI,EAX
  1068 00000AFE E8 [00000000]                   	CALL	_memman_alloc_4k
  1069 00000B03 8B 55 08                        	MOV	EDX,DWORD [8+EBP]
  1070 00000B06 C7 43 4C [00000000]             	MOV	DWORD [76+EBX],_console_task
  1071 00000B0D 89 83 000000AC                  	MOV	DWORD [172+EBX],EAX
  1072 00000B13 05 0000FFF4                     	ADD	EAX,65524
  1073 00000B18 89 43 64                        	MOV	DWORD [100+EBX],EAX
  1074 00000B1B C7 43 74 00000008               	MOV	DWORD [116+EBX],8
  1075 00000B22 C7 43 78 00000010               	MOV	DWORD [120+EBX],16
  1076 00000B29 C7 43 7C 00000008               	MOV	DWORD [124+EBX],8
  1077 00000B30 C7 83 00000080 00000008         	MOV	DWORD [128+EBX],8
  1078 00000B3A C7 83 00000084 00000008         	MOV	DWORD [132+EBX],8
  1079 00000B44 C7 83 00000088 00000008         	MOV	DWORD [136+EBX],8
  1080 00000B4E 89 50 04                        	MOV	DWORD [4+EAX],EDX
  1081 00000B51 8B 53 64                        	MOV	EDX,DWORD [100+EBX]
  1082 00000B54 8B 45 0C                        	MOV	EAX,DWORD [12+EBP]
  1083 00000B57 89 42 08                        	MOV	DWORD [8+EDX],EAX
  1084 00000B5A 6A 02                           	PUSH	2
  1085 00000B5C 6A 02                           	PUSH	2
  1086 00000B5E 53                              	PUSH	EBX
  1087 00000B5F E8 [00000000]                   	CALL	_task_run
  1088 00000B64 8D 43 10                        	LEA	EAX,DWORD [16+EBX]
  1089 00000B67 53                              	PUSH	EBX
  1090 00000B68 56                              	PUSH	ESI
  1091 00000B69 68 00000080                     	PUSH	128
  1092 00000B6E 50                              	PUSH	EAX
  1093 00000B6F E8 [00000000]                   	CALL	_fifo32_init
  1094 00000B74 8D 65 F8                        	LEA	ESP,DWORD [-8+EBP]
  1095 00000B77 89 D8                           	MOV	EAX,EBX
  1096 00000B79 5B                              	POP	EBX
  1097 00000B7A 5E                              	POP	ESI
  1098 00000B7B 5D                              	POP	EBP
  1099 00000B7C C3                              	RET
  1100                                          [SECTION .data]
  1101 00000120                                 LC2:
  1102 00000120 63 6F 6E 73 6F 6C 65 00         	DB	"console",0x00
  1103                                          [SECTION .text]
  1104 00000B7D                                 	GLOBAL	_open_console
  1105 00000B7D                                 _open_console:
  1106 00000B7D 55                              	PUSH	EBP
  1107 00000B7E 89 E5                           	MOV	EBP,ESP
  1108 00000B80 56                              	PUSH	ESI
  1109 00000B81 53                              	PUSH	EBX
  1110 00000B82 FF 75 08                        	PUSH	DWORD [8+EBP]
  1111 00000B85 E8 [00000000]                   	CALL	_sheet_alloc
  1112 00000B8A 68 0000A500                     	PUSH	42240
  1113 00000B8F 68 003C0000                     	PUSH	3932160
  1114 00000B94 89 C3                           	MOV	EBX,EAX
  1115 00000B96 E8 [00000000]                   	CALL	_memman_alloc_4k
  1116 00000B9B 6A FF                           	PUSH	-1
  1117 00000B9D 68 000000A5                     	PUSH	165
  1118 00000BA2 89 C6                           	MOV	ESI,EAX
  1119 00000BA4 68 00000100                     	PUSH	256
  1120 00000BA9 50                              	PUSH	EAX
  1121 00000BAA 53                              	PUSH	EBX
  1122 00000BAB E8 [00000000]                   	CALL	_sheet_setbuf
  1123 00000BB0 83 C4 20                        	ADD	ESP,32
  1124 00000BB3 6A 00                           	PUSH	0
  1125 00000BB5 68 [00000120]                   	PUSH	LC2
  1126 00000BBA 68 000000A5                     	PUSH	165
  1127 00000BBF 68 00000100                     	PUSH	256
  1128 00000BC4 56                              	PUSH	ESI
  1129 00000BC5 E8 [00000000]                   	CALL	_make_window8
  1130 00000BCA 68 000000D8                     	PUSH	216
  1131 00000BCF 68 00000080                     	PUSH	128
  1132 00000BD4 68 000000F0                     	PUSH	240
  1133 00000BD9 6A 1C                           	PUSH	28
  1134 00000BDB 6A 08                           	PUSH	8
  1135 00000BDD 53                              	PUSH	EBX
  1136 00000BDE E8 [00000000]                   	CALL	_make_textbox8
  1137 00000BE3 83 C4 2C                        	ADD	ESP,44
  1138 00000BE6 FF 75 0C                        	PUSH	DWORD [12+EBP]
  1139 00000BE9 53                              	PUSH	EBX
  1140 00000BEA E8 FFFFFEE8                     	CALL	_open_constask
  1141 00000BEF 83 4B 1C 20                     	OR	DWORD [28+EBX],32
  1142 00000BF3 89 43 24                        	MOV	DWORD [36+EBX],EAX
  1143 00000BF6 8D 65 F8                        	LEA	ESP,DWORD [-8+EBP]
  1144 00000BF9 89 D8                           	MOV	EAX,EBX
  1145 00000BFB 5B                              	POP	EBX
  1146 00000BFC 5E                              	POP	ESI
  1147 00000BFD 5D                              	POP	EBP
  1148 00000BFE C3                              	RET
  1149 00000BFF                                 	GLOBAL	_close_constask
  1150 00000BFF                                 _close_constask:
  1151 00000BFF 55                              	PUSH	EBP
  1152 00000C00 89 E5                           	MOV	EBP,ESP
  1153 00000C02 53                              	PUSH	EBX
  1154 00000C03 8B 5D 08                        	MOV	EBX,DWORD [8+EBP]
  1155 00000C06 53                              	PUSH	EBX
  1156 00000C07 E8 [00000000]                   	CALL	_task_sleep
  1157 00000C0C 68 00010000                     	PUSH	65536
  1158 00000C11 FF B3 000000AC                  	PUSH	DWORD [172+EBX]
  1159 00000C17 68 003C0000                     	PUSH	3932160
  1160 00000C1C E8 [00000000]                   	CALL	_memman_free_4k
  1161 00000C21 68 00000200                     	PUSH	512
  1162 00000C26 FF 73 10                        	PUSH	DWORD [16+EBX]
  1163 00000C29 68 003C0000                     	PUSH	3932160
  1164 00000C2E E8 [00000000]                   	CALL	_memman_free_4k
  1165 00000C33 C7 43 04 00000000               	MOV	DWORD [4+EBX],0
  1166 00000C3A 8B 5D FC                        	MOV	EBX,DWORD [-4+EBP]
  1167 00000C3D C9                              	LEAVE
  1168 00000C3E C3                              	RET
  1169 00000C3F                                 	GLOBAL	_close_console
  1170 00000C3F                                 _close_console:
  1171 00000C3F 55                              	PUSH	EBP
  1172 00000C40 89 E5                           	MOV	EBP,ESP
  1173 00000C42 56                              	PUSH	ESI
  1174 00000C43 53                              	PUSH	EBX
  1175 00000C44 8B 5D 08                        	MOV	EBX,DWORD [8+EBP]
  1176 00000C47 8B 73 24                        	MOV	ESI,DWORD [36+EBX]
  1177 00000C4A 68 0000A500                     	PUSH	42240
  1178 00000C4F FF 33                           	PUSH	DWORD [EBX]
  1179 00000C51 68 003C0000                     	PUSH	3932160
  1180 00000C56 E8 [00000000]                   	CALL	_memman_free_4k
  1181 00000C5B 53                              	PUSH	EBX
  1182 00000C5C E8 [00000000]                   	CALL	_sheet_free
  1183 00000C61 89 75 08                        	MOV	DWORD [8+EBP],ESI
  1184 00000C64 83 C4 10                        	ADD	ESP,16
  1185 00000C67 8D 65 F8                        	LEA	ESP,DWORD [-8+EBP]
  1186 00000C6A 5B                              	POP	EBX
  1187 00000C6B 5E                              	POP	ESI
  1188 00000C6C 5D                              	POP	EBP
  1189 00000C6D EB 90                           	JMP	_close_constask
