     1 00000000                                 [FORMAT "WCOFF"]
     2 00000000                                 [INSTRSET "i486p"]
     3 00000000                                 [OPTIMIZE 1]
     4 00000000                                 [OPTION 1]
     5 00000000                                 [BITS 32]
     6 00000000                                 	EXTERN	_api_alloctimer
     7 00000000                                 	EXTERN	_api_inittimer
     8 00000000                                 	EXTERN	_api_beep
     9 00000000                                 	EXTERN	_api_settimer
    10 00000000                                 	EXTERN	_api_getkey
    11 00000000                                 	EXTERN	_api_end
    12 00000000                                 [FILE "music.c"]
    13                                          [SECTION .data]
    14 00000000                                 	ALIGNB	4
    15 00000000                                 LC0:
    16 00000000 0013F5C4                        	DD	1308100
    17 00000004 00000000                        	DD	0
    18 00000008 0013F5C4                        	DD	1308100
    19 0000000C 00000000                        	DD	0
    20 00000010 001DE840                        	DD	1960000
    21 00000014 00000000                        	DD	0
    22 00000018 001DE840                        	DD	1960000
    23 0000001C 00000000                        	DD	0
    24 00000020 002191C0                        	DD	2200000
    25 00000024 00000000                        	DD	0
    26 00000028 002191C0                        	DD	2200000
    27 0000002C 00000000                        	DD	0
    28 00000030 001DE840                        	DD	1960000
    29 00000034 001DE840                        	DD	1960000
    30 00000038 00000000                        	DD	0
    31 0000003C 00000000                        	DD	0
    32 00000040 001AA4B4                        	DD	1746100
    33 00000044 00000000                        	DD	0
    34 00000048 001AA4B4                        	DD	1746100
    35 0000004C 00000000                        	DD	0
    36 00000050 001925E4                        	DD	1648100
    37 00000054 00000000                        	DD	0
    38 00000058 001925E4                        	DD	1648100
    39 0000005C 00000000                        	DD	0
    40 00000060 0016678C                        	DD	1468300
    41 00000064 00000000                        	DD	0
    42 00000068 0016678C                        	DD	1468300
    43 0000006C 00000000                        	DD	0
    44 00000070 0013F5C4                        	DD	1308100
    45 00000074 0013F5C4                        	DD	1308100
    46                                          [SECTION .text]
    47 00000000                                 	GLOBAL	_HariMain
    48 00000000                                 _HariMain:
    49 00000000 55                              	PUSH	EBP
    50 00000001 89 E5                           	MOV	EBP,ESP
    51 00000003 57                              	PUSH	EDI
    52 00000004 56                              	PUSH	ESI
    53 00000005 BE [00000000]                   	MOV	ESI,LC0
    54 0000000A 53                              	PUSH	EBX
    55 0000000B 8D BD FFFFFF74                  	LEA	EDI,DWORD [-140+EBP]
    56 00000011 83 C4 80                        	ADD	ESP,-128
    57 00000014 E8 [00000000]                   	CALL	_api_alloctimer
    58 00000019 68 00000080                     	PUSH	128
    59 0000001E 89 C3                           	MOV	EBX,EAX
    60 00000020 50                              	PUSH	EAX
    61 00000021 E8 [00000000]                   	CALL	_api_inittimer
    62 00000026 58                              	POP	EAX
    63 00000027 FC                              	CLD
    64 00000028 B9 0000001E                     	MOV	ECX,30
    65 0000002D 5A                              	POP	EDX
    66 0000002E F3                              	REP
    67 0000002F A5                              	MOVSD
    68 00000030 31 F6                           	XOR	ESI,ESI
    69 00000032                                 L7:
    70 00000032 FF B4 B5 FFFFFF74               	PUSH	DWORD [-140+EBP+ESI*4]
    71 00000039 E8 [00000000]                   	CALL	_api_beep
    72 0000003E 6A 1E                           	PUSH	30
    73 00000040 53                              	PUSH	EBX
    74 00000041 E8 [00000000]                   	CALL	_api_settimer
    75 00000046 6A 01                           	PUSH	1
    76 00000048 E8 [00000000]                   	CALL	_api_getkey
    77 0000004D 83 C4 10                        	ADD	ESP,16
    78 00000050 83 C0 80                        	ADD	EAX,-128
    79 00000053 75 06                           	JNE	L3
    80 00000055 46                              	INC	ESI
    81 00000056 83 FE 1E                        	CMP	ESI,30
    82 00000059 7E D7                           	JLE	L7
    83 0000005B                                 L3:
    84 0000005B 6A 00                           	PUSH	0
    85 0000005D E8 [00000000]                   	CALL	_api_beep
    86 00000062 E8 [00000000]                   	CALL	_api_end
    87 00000067 8D 65 F4                        	LEA	ESP,DWORD [-12+EBP]
    88 0000006A 5B                              	POP	EBX
    89 0000006B 5E                              	POP	ESI
    90 0000006C 5F                              	POP	EDI
    91 0000006D 5D                              	POP	EBP
    92 0000006E C3                              	RET
