     1 00000000                                 [FORMAT "WCOFF"]
     2 00000000                                 [INSTRSET "i486p"]
     3 00000000                                 [OPTIMIZE 1]
     4 00000000                                 [OPTION 1]
     5 00000000                                 [BITS 32]
     6 00000000                                 	EXTERN	_api_initmalloc
     7 00000000                                 	EXTERN	_api_malloc
     8 00000000                                 	EXTERN	_api_openwin
     9 00000000                                 	EXTERN	_api_refreshwin
    10 00000000                                 	EXTERN	_api_getkey
    11 00000000                                 	EXTERN	_api_end
    12 00000000                                 [FILE "color3.c"]
    13                                          [SECTION .data]
    14 00000000                                 LC0:
    15 00000000 63 6F 6C 6F 72 33 00            	DB	"color3",0x00
    16                                          [SECTION .text]
    17 00000000                                 	GLOBAL	_HariMain
    18 00000000                                 _HariMain:
    19 00000000 55                              	PUSH	EBP
    20 00000001 89 E5                           	MOV	EBP,ESP
    21 00000003 57                              	PUSH	EDI
    22 00000004 56                              	PUSH	ESI
    23 00000005 31 FF                           	XOR	EDI,EDI
    24 00000007 53                              	PUSH	EBX
    25 00000008 83 EC 20                        	SUB	ESP,32
    26 0000000B E8 [00000000]                   	CALL	_api_initmalloc
    27 00000010 68 00005C40                     	PUSH	23616
    28 00000015 E8 [00000000]                   	CALL	_api_malloc
    29 0000001A 89 45 F0                        	MOV	DWORD [-16+EBP],EAX
    30 0000001D 68 [00000000]                   	PUSH	LC0
    31 00000022 6A FF                           	PUSH	-1
    32 00000024 68 000000A4                     	PUSH	164
    33 00000029 68 00000090                     	PUSH	144
    34 0000002E 50                              	PUSH	EAX
    35 0000002F E8 [00000000]                   	CALL	_api_openwin
    36 00000034 83 C4 18                        	ADD	ESP,24
    37 00000037 C7 45 DC 00000FC0               	MOV	DWORD [-36+EBP],4032
    38 0000003E 89 45 EC                        	MOV	DWORD [-20+EBP],EAX
    39 00000041                                 L11:
    40 00000041 8B 45 DC                        	MOV	EAX,DWORD [-36+EBP]
    41 00000044 8B 55 F0                        	MOV	EDX,DWORD [-16+EBP]
    42 00000047 31 F6                           	XOR	ESI,ESI
    43 00000049 8D 44 02 08                     	LEA	EAX,DWORD [8+EDX+EAX*1]
    44 0000004D 89 45 D4                        	MOV	DWORD [-44+EBP],EAX
    45 00000050                                 L10:
    46 00000050 8D 14 36                        	LEA	EDX,DWORD [ESI+ESI*1]
    47 00000053 BB 0000002B                     	MOV	EBX,43
    48 00000058 89 D0                           	MOV	EAX,EDX
    49 0000005A 89 55 E8                        	MOV	DWORD [-24+EBP],EDX
    50 0000005D 99                              	CDQ
    51 0000005E F7 FB                           	IDIV	EBX
    52 00000060 8D 0C 3F                        	LEA	ECX,DWORD [EDI+EDI*1]
    53 00000063 89 45 E4                        	MOV	DWORD [-28+EBP],EAX
    54 00000066 89 C8                           	MOV	EAX,ECX
    55 00000068 46                              	INC	ESI
    56 00000069 99                              	CDQ
    57 0000006A F7 FB                           	IDIV	EBX
    58 0000006C 6B C0 06                        	IMUL	EAX,EAX,6
    59 0000006F 03 45 E4                        	ADD	EAX,DWORD [-28+EBP]
    60 00000072 8B 5D D4                        	MOV	EBX,DWORD [-44+EBP]
    61 00000075 83 C0 24                        	ADD	EAX,36
    62 00000078 88 03                           	MOV	BYTE [EBX],AL
    63 0000007A 43                              	INC	EBX
    64 0000007B 89 5D D4                        	MOV	DWORD [-44+EBP],EBX
    65 0000007E 81 FE 00000080                  	CMP	ESI,128
    66 00000084 7C CA                           	JL	L10
    67 00000086 47                              	INC	EDI
    68 00000087 81 45 DC 00000090               	ADD	DWORD [-36+EBP],144
    69 0000008E 81 FF 00000080                  	CMP	EDI,128
    70 00000094 7C AB                           	JL	L11
    71 00000096 68 0000009C                     	PUSH	156
    72 0000009B 68 00000088                     	PUSH	136
    73 000000A0 6A 1C                           	PUSH	28
    74 000000A2 6A 08                           	PUSH	8
    75 000000A4 FF 75 EC                        	PUSH	DWORD [-20+EBP]
    76 000000A7 E8 [00000000]                   	CALL	_api_refreshwin
    77 000000AC 6A 01                           	PUSH	1
    78 000000AE E8 [00000000]                   	CALL	_api_getkey
    79 000000B3 83 C4 18                        	ADD	ESP,24
    80 000000B6 8D 65 F4                        	LEA	ESP,DWORD [-12+EBP]
    81 000000B9 5B                              	POP	EBX
    82 000000BA 5E                              	POP	ESI
    83 000000BB 5F                              	POP	EDI
    84 000000BC 5D                              	POP	EBP
    85 000000BD E9 [00000000]                   	JMP	_api_end
