     1 00000000                                 [FORMAT "WCOFF"]
     2 00000000                                 [INSTRSET "i486p"]
     3 00000000                                 [OPTIMIZE 1]
     4 00000000                                 [OPTION 1]
     5 00000000                                 [BITS 32]
     6 00000000                                 	EXTERN	_boxfill8
     7 00000000                                 	EXTERN	_putfonts8_asc
     8 00000000                                 	EXTERN	_sheet_refresh
     9 00000000                                 [FILE "window.c"]
    10                                          [SECTION .text]
    11 00000000                                 	GLOBAL	_make_window8
    12 00000000                                 _make_window8:
    13 00000000 55                              	PUSH	EBP
    14 00000001 89 E5                           	MOV	EBP,ESP
    15 00000003 57                              	PUSH	EDI
    16 00000004 56                              	PUSH	ESI
    17 00000005 53                              	PUSH	EBX
    18 00000006 83 EC 0C                        	SUB	ESP,12
    19 00000009 8B 45 08                        	MOV	EAX,DWORD [8+EBP]
    20 0000000C 8B 7D 0C                        	MOV	EDI,DWORD [12+EBP]
    21 0000000F 89 45 F0                        	MOV	DWORD [-16+EBP],EAX
    22 00000012 8B 5D 10                        	MOV	EBX,DWORD [16+EBP]
    23 00000015 8B 45 14                        	MOV	EAX,DWORD [20+EBP]
    24 00000018 8D 77 FF                        	LEA	ESI,DWORD [-1+EDI]
    25 0000001B 89 45 EC                        	MOV	DWORD [-20+EBP],EAX
    26 0000001E 4B                              	DEC	EBX
    27 0000001F 0F BE 45 18                     	MOVSX	EAX,BYTE [24+EBP]
    28 00000023 89 45 E8                        	MOV	DWORD [-24+EBP],EAX
    29 00000026 6A 00                           	PUSH	0
    30 00000028 56                              	PUSH	ESI
    31 00000029 6A 00                           	PUSH	0
    32 0000002B 6A 00                           	PUSH	0
    33 0000002D 68 000000C0                     	PUSH	192
    34 00000032 57                              	PUSH	EDI
    35 00000033 FF 75 F0                        	PUSH	DWORD [-16+EBP]
    36 00000036 E8 [00000000]                   	CALL	_boxfill8
    37 0000003B 53                              	PUSH	EBX
    38 0000003C 6A 00                           	PUSH	0
    39 0000003E 6A 00                           	PUSH	0
    40 00000040 6A 00                           	PUSH	0
    41 00000042 68 000000C0                     	PUSH	192
    42 00000047 57                              	PUSH	EDI
    43 00000048 FF 75 F0                        	PUSH	DWORD [-16+EBP]
    44 0000004B E8 [00000000]                   	CALL	_boxfill8
    45 00000050 83 C4 38                        	ADD	ESP,56
    46 00000053 53                              	PUSH	EBX
    47 00000054 56                              	PUSH	ESI
    48 00000055 6A 01                           	PUSH	1
    49 00000057 56                              	PUSH	ESI
    50 00000058 68 000000C0                     	PUSH	192
    51 0000005D 57                              	PUSH	EDI
    52 0000005E FF 75 F0                        	PUSH	DWORD [-16+EBP]
    53 00000061 E8 [00000000]                   	CALL	_boxfill8
    54 00000066 53                              	PUSH	EBX
    55 00000067 56                              	PUSH	ESI
    56 00000068 53                              	PUSH	EBX
    57 00000069 6A 00                           	PUSH	0
    58 0000006B 68 000000C0                     	PUSH	192
    59 00000070 57                              	PUSH	EDI
    60 00000071 FF 75 F0                        	PUSH	DWORD [-16+EBP]
    61 00000074 E8 [00000000]                   	CALL	_boxfill8
    62 00000079 89 7D 0C                        	MOV	DWORD [12+EBP],EDI
    63 0000007C 8B 45 E8                        	MOV	EAX,DWORD [-24+EBP]
    64 0000007F 83 C4 38                        	ADD	ESP,56
    65 00000082 89 45 14                        	MOV	DWORD [20+EBP],EAX
    66 00000085 8B 45 EC                        	MOV	EAX,DWORD [-20+EBP]
    67 00000088 89 45 10                        	MOV	DWORD [16+EBP],EAX
    68 0000008B 8B 45 F0                        	MOV	EAX,DWORD [-16+EBP]
    69 0000008E 89 45 08                        	MOV	DWORD [8+EBP],EAX
    70 00000091 8D 65 F4                        	LEA	ESP,DWORD [-12+EBP]
    71 00000094 5B                              	POP	EBX
    72 00000095 5E                              	POP	ESI
    73 00000096 5F                              	POP	EDI
    74 00000097 5D                              	POP	EBP
    75 00000098 EB 00                           	JMP	_make_wtitle8
    76                                          [SECTION .data]
    77 00000000                                 _closebtn.0:
    78 00000000 51 51 51 51 51 51 51 51 51 51   	DB	"QQQQQQQQQQQQQQQQ"
       0000000A 51 51 51 51 51 51 
    79 00000010 51 51 51 51 51 51 51 51 51 51   	DB	"QQQQQQQQQQQQQQQQ"
       0000001A 51 51 51 51 51 51 
    80 00000020 51 51 51 51 51 51 51 51 51 51   	DB	"QQQQQQQQQQQQQQQQ"
       0000002A 51 51 51 51 51 51 
    81 00000030 51 51 51 51 40 40 51 51 51 51   	DB	"QQQQ@@QQQQ@@QQQQ"
       0000003A 40 40 51 51 51 51 
    82 00000040 51 51 51 51 51 40 40 51 51 40   	DB	"QQQQQ@@QQ@@QQQQQ"
       0000004A 40 51 51 51 51 51 
    83 00000050 51 51 51 51 51 51 40 40 40 40   	DB	"QQQQQQ@@@@QQQQQQ"
       0000005A 51 51 51 51 51 51 
    84 00000060 51 51 51 51 51 51 51 40 40 51   	DB	"QQQQQQQ@@QQQQQQQ"
       0000006A 51 51 51 51 51 51 
    85 00000070 51 51 51 51 51 51 40 40 40 40   	DB	"QQQQQQ@@@@QQQQQQ"
       0000007A 51 51 51 51 51 51 
    86 00000080 51 51 51 51 51 40 40 51 51 40   	DB	"QQQQQ@@QQ@@QQQQQ"
       0000008A 40 51 51 51 51 51 
    87 00000090 51 51 51 51 40 40 51 51 51 51   	DB	"QQQQ@@QQQQ@@QQQQ"
       0000009A 40 40 51 51 51 51 
    88 000000A0 51 51 51 51 51 51 51 51 51 51   	DB	"QQQQQQQQQQQQQQQQ"
       000000AA 51 51 51 51 51 51 
    89 000000B0 51 51 51 51 51 51 51 51 51 51   	DB	"QQQQQQQQQQQQQQQQ"
       000000BA 51 51 51 51 51 51 
    90 000000C0 51 51 51 51 51 51 51 51 51 51   	DB	"QQQQQQQQQQQQQQQQ"
       000000CA 51 51 51 51 51 51 
    91 000000D0 51 51 51 51 51 51 51 51 51 51   	DB	"QQQQQQQQQQQQQQQQ"
       000000DA 51 51 51 51 51 51 
    92                                          [SECTION .text]
    93 0000009A                                 	GLOBAL	_make_wtitle8
    94 0000009A                                 _make_wtitle8:
    95 0000009A 55                              	PUSH	EBP
    96 0000009B 89 E5                           	MOV	EBP,ESP
    97 0000009D 57                              	PUSH	EDI
    98 0000009E 56                              	PUSH	ESI
    99 0000009F 53                              	PUSH	EBX
   100 000000A0 80 7D 14 00                     	CMP	BYTE [20+EBP],0
   101 000000A4 0F 84 00000083                  	JE	L3
   102 000000AA 31 DB                           	XOR	EBX,EBX
   103 000000AC B2 D8                           	MOV	DL,-40
   104 000000AE                                 L4:
   105 000000AE 8B 45 0C                        	MOV	EAX,DWORD [12+EBP]
   106 000000B1 6A 14                           	PUSH	20
   107 000000B3 83 E8 04                        	SUB	EAX,4
   108 000000B6 31 FF                           	XOR	EDI,EDI
   109 000000B8 50                              	PUSH	EAX
   110 000000B9 31 F6                           	XOR	ESI,ESI
   111 000000BB 6A 03                           	PUSH	3
   112 000000BD 6A 03                           	PUSH	3
   113 000000BF 0F B6 C2                        	MOVZX	EAX,DL
   114 000000C2 50                              	PUSH	EAX
   115 000000C3 FF 75 0C                        	PUSH	DWORD [12+EBP]
   116 000000C6 FF 75 08                        	PUSH	DWORD [8+EBP]
   117 000000C9 E8 [00000000]                   	CALL	_boxfill8
   118 000000CE FF 75 10                        	PUSH	DWORD [16+EBP]
   119 000000D1 0F BE C3                        	MOVSX	EAX,BL
   120 000000D4 50                              	PUSH	EAX
   121 000000D5 6A 04                           	PUSH	4
   122 000000D7 6A 18                           	PUSH	24
   123 000000D9 FF 75 0C                        	PUSH	DWORD [12+EBP]
   124 000000DC FF 75 08                        	PUSH	DWORD [8+EBP]
   125 000000DF E8 [00000000]                   	CALL	_putfonts8_asc
   126 000000E4 83 C4 34                        	ADD	ESP,52
   127 000000E7 6B 4D 0C 05                     	IMUL	ECX,DWORD [12+EBP],5
   128 000000EB                                 L17:
   129 000000EB 8B 55 0C                        	MOV	EDX,DWORD [12+EBP]
   130 000000EE 8B 45 08                        	MOV	EAX,DWORD [8+EBP]
   131 000000F1 01 CA                           	ADD	EDX,ECX
   132 000000F3 31 DB                           	XOR	EBX,EBX
   133 000000F5 8D 54 10 EB                     	LEA	EDX,DWORD [-21+EAX+EDX*1]
   134 000000F9                                 L16:
   135 000000F9 8A 84 33 [00000000]             	MOV	AL,BYTE [_closebtn.0+EBX+ESI*1]
   136 00000100 3C 40                           	CMP	AL,64
   137 00000102 74 25                           	JE	L22
   138 00000104 3C 51                           	CMP	AL,81
   139 00000106 74 1D                           	JE	L23
   140 00000108                                 L14:
   141 00000108 43                              	INC	EBX
   142 00000109 88 02                           	MOV	BYTE [EDX],AL
   143 0000010B 42                              	INC	EDX
   144 0000010C 83 FB 0F                        	CMP	EBX,15
   145 0000010F 7E E8                           	JLE	L16
   146 00000111 47                              	INC	EDI
   147 00000112 83 C6 10                        	ADD	ESI,16
   148 00000115 03 4D 0C                        	ADD	ECX,DWORD [12+EBP]
   149 00000118 83 FF 0D                        	CMP	EDI,13
   150 0000011B 7E CE                           	JLE	L17
   151 0000011D 8D 65 F4                        	LEA	ESP,DWORD [-12+EBP]
   152 00000120 5B                              	POP	EBX
   153 00000121 5E                              	POP	ESI
   154 00000122 5F                              	POP	EDI
   155 00000123 5D                              	POP	EBP
   156 00000124 C3                              	RET
   157 00000125                                 L23:
   158 00000125 31 C0                           	XOR	EAX,EAX
   159 00000127 EB DF                           	JMP	L14
   160 00000129                                 L22:
   161 00000129 B0 D8                           	MOV	AL,-40
   162 0000012B EB DB                           	JMP	L14
   163 0000012D                                 L3:
   164 0000012D B3 D8                           	MOV	BL,-40
   165 0000012F 31 D2                           	XOR	EDX,EDX
   166 00000131 E9 FFFFFF78                     	JMP	L4
   167 00000136                                 	GLOBAL	_putfonts8_asc_sht
   168 00000136                                 _putfonts8_asc_sht:
   169 00000136 55                              	PUSH	EBP
   170 00000137 89 E5                           	MOV	EBP,ESP
   171 00000139 57                              	PUSH	EDI
   172 0000013A 56                              	PUSH	ESI
   173 0000013B 53                              	PUSH	EBX
   174 0000013C 83 EC 0C                        	SUB	ESP,12
   175 0000013F 8B 45 08                        	MOV	EAX,DWORD [8+EBP]
   176 00000142 8B 7D 10                        	MOV	EDI,DWORD [16+EBP]
   177 00000145 89 45 F0                        	MOV	DWORD [-16+EBP],EAX
   178 00000148 8B 5D 14                        	MOV	EBX,DWORD [20+EBP]
   179 0000014B 8B 45 0C                        	MOV	EAX,DWORD [12+EBP]
   180 0000014E 89 45 EC                        	MOV	DWORD [-20+EBP],EAX
   181 00000151 8B 45 1C                        	MOV	EAX,DWORD [28+EBP]
   182 00000154 89 45 E8                        	MOV	DWORD [-24+EBP],EAX
   183 00000157 8D 47 0F                        	LEA	EAX,DWORD [15+EDI]
   184 0000015A 50                              	PUSH	EAX
   185 0000015B 8B 45 EC                        	MOV	EAX,DWORD [-20+EBP]
   186 0000015E 8B 75 20                        	MOV	ESI,DWORD [32+EBP]
   187 00000161 0F BE DB                        	MOVSX	EBX,BL
   188 00000164 8D 34 F0                        	LEA	ESI,DWORD [EAX+ESI*8]
   189 00000167 8D 46 FF                        	LEA	EAX,DWORD [-1+ESI]
   190 0000016A 50                              	PUSH	EAX
   191 0000016B 57                              	PUSH	EDI
   192 0000016C FF 75 EC                        	PUSH	DWORD [-20+EBP]
   193 0000016F 0F B6 45 18                     	MOVZX	EAX,BYTE [24+EBP]
   194 00000173 50                              	PUSH	EAX
   195 00000174 8B 45 F0                        	MOV	EAX,DWORD [-16+EBP]
   196 00000177 FF 70 04                        	PUSH	DWORD [4+EAX]
   197 0000017A FF 30                           	PUSH	DWORD [EAX]
   198 0000017C E8 [00000000]                   	CALL	_boxfill8
   199 00000181 FF 75 E8                        	PUSH	DWORD [-24+EBP]
   200 00000184 53                              	PUSH	EBX
   201 00000185 57                              	PUSH	EDI
   202 00000186 FF 75 EC                        	PUSH	DWORD [-20+EBP]
   203 00000189 8B 45 F0                        	MOV	EAX,DWORD [-16+EBP]
   204 0000018C FF 70 04                        	PUSH	DWORD [4+EAX]
   205 0000018F FF 30                           	PUSH	DWORD [EAX]
   206 00000191 E8 [00000000]                   	CALL	_putfonts8_asc
   207 00000196 89 7D 10                        	MOV	DWORD [16+EBP],EDI
   208 00000199 8D 47 10                        	LEA	EAX,DWORD [16+EDI]
   209 0000019C 89 75 14                        	MOV	DWORD [20+EBP],ESI
   210 0000019F 89 45 18                        	MOV	DWORD [24+EBP],EAX
   211 000001A2 83 C4 34                        	ADD	ESP,52
   212 000001A5 8B 45 EC                        	MOV	EAX,DWORD [-20+EBP]
   213 000001A8 89 45 0C                        	MOV	DWORD [12+EBP],EAX
   214 000001AB 8B 45 F0                        	MOV	EAX,DWORD [-16+EBP]
   215 000001AE 89 45 08                        	MOV	DWORD [8+EBP],EAX
   216 000001B1 8D 65 F4                        	LEA	ESP,DWORD [-12+EBP]
   217 000001B4 5B                              	POP	EBX
   218 000001B5 5E                              	POP	ESI
   219 000001B6 5F                              	POP	EDI
   220 000001B7 5D                              	POP	EBP
   221 000001B8 E9 [00000000]                   	JMP	_sheet_refresh
   222                                          [SECTION .data]
   223 000000E0                                 	ALIGNB	8
   224 000000E0                                 LC0:
   225 000000E0 00000000                        	DD	0
   226 000000E4 401A0000                        	DD	1075445760
   227                                          [SECTION .text]
   228 000001BD                                 	GLOBAL	_make_textbox8
   229 000001BD                                 _make_textbox8:
   230 000001BD 55                              	PUSH	EBP
   231 000001BE 89 E5                           	MOV	EBP,ESP
   232 000001C0 56                              	PUSH	ESI
   233 000001C1 53                              	PUSH	EBX
   234 000001C2 50                              	PUSH	EAX
   235 000001C3 50                              	PUSH	EAX
   236 000001C4 8B 4D 10                        	MOV	ECX,DWORD [16+EBP]
   237 000001C7 8B 5D 0C                        	MOV	EBX,DWORD [12+EBP]
   238 000001CA 89 C8                           	MOV	EAX,ECX
   239 000001CC 89 DA                           	MOV	EDX,EBX
   240 000001CE 03 45 18                        	ADD	EAX,DWORD [24+EBP]
   241 000001D1 03 55 14                        	ADD	EDX,DWORD [20+EBP]
   242 000001D4 83 C0 07                        	ADD	EAX,7
   243 000001D7 83 C2 06                        	ADD	EDX,6
   244 000001DA 50                              	PUSH	EAX
   245 000001DB 83 E9 06                        	SUB	ECX,6
   246 000001DE 52                              	PUSH	EDX
   247 000001DF 8B 75 08                        	MOV	ESI,DWORD [8+EBP]
   248 000001E2 51                              	PUSH	ECX
   249 000001E3 53                              	PUSH	EBX
   250 000001E4 DB 04 24                        	FILD	DWORD [ESP]
   251 000001E7 D9 7D F6                        	FNSTCW	WORD [-10+EBP]
   252 000001EA 66 8B 45 F6                     	MOV	AX,WORD [-10+EBP]
   253 000001EE DC 25 [000000E0]                	FSUB	QWORD [LC0]
   254 000001F4 66 0D 0C00                      	OR	AX,3072
   255 000001F8 66 89 45 F4                     	MOV	WORD [-12+EBP],AX
   256 000001FC D9 6D F4                        	FLDCW	WORD [-12+EBP]
   257 000001FF DB 5D F0                        	FISTP	DWORD [-16+EBP]
   258 00000202 D9 6D F6                        	FLDCW	WORD [-10+EBP]
   259 00000205 8B 45 F0                        	MOV	EAX,DWORD [-16+EBP]
   260 00000208 89 04 24                        	MOV	DWORD [ESP],EAX
   261 0000020B 68 000000D8                     	PUSH	216
   262 00000210 FF 76 04                        	PUSH	DWORD [4+ESI]
   263 00000213 FF 36                           	PUSH	DWORD [ESI]
   264 00000215 E8 [00000000]                   	CALL	_boxfill8
   265 0000021A 8D 65 F8                        	LEA	ESP,DWORD [-8+EBP]
   266 0000021D 5B                              	POP	EBX
   267 0000021E 5E                              	POP	ESI
   268 0000021F 5D                              	POP	EBP
   269 00000220 C3                              	RET
   270 00000221                                 	GLOBAL	_change_wtitle8
   271 00000221                                 _change_wtitle8:
   272 00000221 55                              	PUSH	EBP
   273 00000222 89 E5                           	MOV	EBP,ESP
   274 00000224 57                              	PUSH	EDI
   275 00000225 56                              	PUSH	ESI
   276 00000226 53                              	PUSH	EBX
   277 00000227 83 EC 14                        	SUB	ESP,20
   278 0000022A 8B 45 08                        	MOV	EAX,DWORD [8+EBP]
   279 0000022D 80 7D 0C 00                     	CMP	BYTE [12+EBP],0
   280 00000231 8B 10                           	MOV	EDX,DWORD [EAX]
   281 00000233 8B 48 04                        	MOV	ECX,DWORD [4+EAX]
   282 00000236 89 55 E4                        	MOV	DWORD [-28+EBP],EDX
   283 00000239 74 7A                           	JE	L27
   284 0000023B C6 45 EB D8                     	MOV	BYTE [-21+EBP],-40
   285 0000023F C6 45 EA 9E                     	MOV	BYTE [-22+EBP],-98
   286 00000243                                 L28:
   287 00000243 6B F9 03                        	IMUL	EDI,ECX,3
   288 00000246 C7 45 EC 00000011               	MOV	DWORD [-20+EBP],17
   289 0000024D 89 7D E0                        	MOV	DWORD [-32+EBP],EDI
   290 00000250                                 L41:
   291 00000250 C7 45 F0 00000003               	MOV	DWORD [-16+EBP],3
   292 00000257 8D 41 FC                        	LEA	EAX,DWORD [-4+ECX]
   293 0000025A 39 45 F0                        	CMP	DWORD [-16+EBP],EAX
   294 0000025D 7F 30                           	JG	L45
   295 0000025F 8B 45 E4                        	MOV	EAX,DWORD [-28+EBP]
   296 00000262 8B 55 E0                        	MOV	EDX,DWORD [-32+EBP]
   297 00000265 8D 74 38 03                     	LEA	ESI,DWORD [3+EAX+EDI*1]
   298 00000269 8D 5C 10 03                     	LEA	EBX,DWORD [3+EAX+EDX*1]
   299 0000026D                                 L40:
   300 0000026D 8A 13                           	MOV	DL,BYTE [EBX]
   301 0000026F 84 D2                           	TEST	DL,DL
   302 00000271 75 08                           	JNE	L37
   303 00000273 8D 41 EA                        	LEA	EAX,DWORD [-22+ECX]
   304 00000276 39 45 F0                        	CMP	DWORD [-16+EBP],EAX
   305 00000279 7E 05                           	JLE	L38
   306 0000027B                                 L37:
   307 0000027B 3A 55 EA                        	CMP	DL,BYTE [-22+EBP]
   308 0000027E 74 30                           	JE	L46
   309 00000280                                 L38:
   310 00000280 88 16                           	MOV	BYTE [ESI],DL
   311 00000282 8D 41 FC                        	LEA	EAX,DWORD [-4+ECX]
   312 00000285 FF 45 F0                        	INC	DWORD [-16+EBP]
   313 00000288 46                              	INC	ESI
   314 00000289 43                              	INC	EBX
   315 0000028A 39 45 F0                        	CMP	DWORD [-16+EBP],EAX
   316 0000028D 7E DE                           	JLE	L40
   317 0000028F                                 L45:
   318 0000028F 01 CF                           	ADD	EDI,ECX
   319 00000291 01 4D E0                        	ADD	DWORD [-32+EBP],ECX
   320 00000294 FF 4D EC                        	DEC	DWORD [-20+EBP]
   321 00000297 79 B7                           	JNS	L41
   322 00000299 6A 15                           	PUSH	21
   323 0000029B 51                              	PUSH	ECX
   324 0000029C 6A 03                           	PUSH	3
   325 0000029E 6A 03                           	PUSH	3
   326 000002A0 FF 75 08                        	PUSH	DWORD [8+EBP]
   327 000002A3 E8 [00000000]                   	CALL	_sheet_refresh
   328 000002A8 8D 65 F4                        	LEA	ESP,DWORD [-12+EBP]
   329 000002AB 5B                              	POP	EBX
   330 000002AC 5E                              	POP	ESI
   331 000002AD 5F                              	POP	EDI
   332 000002AE 5D                              	POP	EBP
   333 000002AF C3                              	RET
   334 000002B0                                 L46:
   335 000002B0 8A 55 EB                        	MOV	DL,BYTE [-21+EBP]
   336 000002B3 EB CB                           	JMP	L38
   337 000002B5                                 L27:
   338 000002B5 C6 45 EB 9E                     	MOV	BYTE [-21+EBP],-98
   339 000002B9 C6 45 EA D8                     	MOV	BYTE [-22+EBP],-40
   340 000002BD EB 84                           	JMP	L28
